[0.160s] DEBUG:colcon:Command line arguments: ['/usr/bin/colcon', 'build']
[0.161s] DEBUG:colcon:Parsed command line arguments: Namespace(log_base=None, log_level=None, verb_name='build', build_base='build', install_base='install', merge_install=False, symlink_install=False, test_result_base=None, continue_on_error=False, executor='parallel', parallel_workers=4, event_handlers=None, ignore_user_meta=False, metas=['./colcon.meta'], base_paths=['.'], packages_ignore=None, packages_ignore_regex=None, paths=None, packages_up_to=None, packages_up_to_regex=None, packages_above=None, packages_above_and_dependencies=None, packages_above_depth=None, packages_select_by_dep=None, packages_skip_by_dep=None, packages_skip_up_to=None, packages_select_build_failed=False, packages_skip_build_finished=False, packages_select_test_failures=False, packages_skip_test_passed=False, packages_select=None, packages_skip=None, packages_select_regex=None, packages_skip_regex=None, packages_start=None, packages_end=None, allow_overriding=[], cmake_args=None, cmake_target=None, cmake_target_skip_unavailable=False, cmake_clean_cache=False, cmake_clean_first=False, cmake_force_configure=False, ament_cmake_args=None, catkin_cmake_args=None, catkin_skip_building_tests=False, mixin_files=None, mixin=None, verb_parser=<colcon_mixin.mixin.mixin_argument.MixinArgumentDecorator object at 0x730cbdbd0430>, verb_extension=<colcon_core.verb.build.BuildVerb object at 0x730cbdb9bdf0>, main=<bound method BuildVerb.main of <colcon_core.verb.build.BuildVerb object at 0x730cbdb9bdf0>>, mixin_verb=('build',))
[0.480s] Level 1:colcon.colcon_core.package_discovery:discover_packages(colcon_meta) check parameters
[0.480s] Level 1:colcon.colcon_core.package_discovery:discover_packages(recursive) check parameters
[0.480s] Level 1:colcon.colcon_core.package_discovery:discover_packages(ignore) check parameters
[0.480s] Level 1:colcon.colcon_core.package_discovery:discover_packages(path) check parameters
[0.480s] Level 1:colcon.colcon_core.package_discovery:discover_packages(colcon_meta) discover
[0.481s] Level 1:colcon.colcon_core.package_discovery:discover_packages(recursive) discover
[0.481s] INFO:colcon.colcon_core.package_discovery:Crawling recursively for packages in '/home/kol/Documents/ros2/Control/panda'
[0.481s] Level 1:colcon.colcon_core.package_identification:_identify(.) by extensions ['ignore', 'ignore_ament_install']
[0.481s] Level 1:colcon.colcon_core.package_identification:_identify(.) by extension 'ignore'
[0.481s] Level 1:colcon.colcon_core.package_identification:_identify(.) by extension 'ignore_ament_install'
[0.481s] Level 1:colcon.colcon_core.package_identification:_identify(.) by extensions ['colcon_pkg']
[0.481s] Level 1:colcon.colcon_core.package_identification:_identify(.) by extension 'colcon_pkg'
[0.481s] Level 1:colcon.colcon_core.package_identification:_identify(.) by extensions ['colcon_meta']
[0.481s] Level 1:colcon.colcon_core.package_identification:_identify(.) by extension 'colcon_meta'
[0.481s] Level 1:colcon.colcon_core.package_identification:_identify(.) by extensions ['ros']
[0.481s] Level 1:colcon.colcon_core.package_identification:_identify(.) by extension 'ros'
[0.495s] Level 1:colcon.colcon_core.package_identification:_identify(.) by extensions ['cmake', 'python']
[0.495s] Level 1:colcon.colcon_core.package_identification:_identify(.) by extension 'cmake'
[0.495s] Level 1:colcon.colcon_core.package_identification:_identify(.) by extension 'python'
[0.495s] Level 1:colcon.colcon_core.package_identification:_identify(.) by extensions ['python_setup_py']
[0.495s] Level 1:colcon.colcon_core.package_identification:_identify(.) by extension 'python_setup_py'
[0.495s] Level 1:colcon.colcon_core.package_identification:_identify(build) by extensions ['ignore', 'ignore_ament_install']
[0.496s] Level 1:colcon.colcon_core.package_identification:_identify(build) by extension 'ignore'
[0.496s] Level 1:colcon.colcon_core.package_identification:_identify(build) ignored
[0.496s] Level 1:colcon.colcon_core.package_identification:_identify(install) by extensions ['ignore', 'ignore_ament_install']
[0.496s] Level 1:colcon.colcon_core.package_identification:_identify(install) by extension 'ignore'
[0.496s] Level 1:colcon.colcon_core.package_identification:_identify(install) ignored
[0.496s] Level 1:colcon.colcon_core.package_identification:_identify(log) by extensions ['ignore', 'ignore_ament_install']
[0.496s] Level 1:colcon.colcon_core.package_identification:_identify(log) by extension 'ignore'
[0.496s] Level 1:colcon.colcon_core.package_identification:_identify(log) ignored
[0.496s] Level 1:colcon.colcon_core.package_identification:_identify(src) by extensions ['ignore', 'ignore_ament_install']
[0.496s] Level 1:colcon.colcon_core.package_identification:_identify(src) by extension 'ignore'
[0.497s] Level 1:colcon.colcon_core.package_identification:_identify(src) by extension 'ignore_ament_install'
[0.497s] Level 1:colcon.colcon_core.package_identification:_identify(src) by extensions ['colcon_pkg']
[0.497s] Level 1:colcon.colcon_core.package_identification:_identify(src) by extension 'colcon_pkg'
[0.497s] Level 1:colcon.colcon_core.package_identification:_identify(src) by extensions ['colcon_meta']
[0.497s] Level 1:colcon.colcon_core.package_identification:_identify(src) by extension 'colcon_meta'
[0.497s] Level 1:colcon.colcon_core.package_identification:_identify(src) by extensions ['ros']
[0.497s] Level 1:colcon.colcon_core.package_identification:_identify(src) by extension 'ros'
[0.497s] Level 1:colcon.colcon_core.package_identification:_identify(src) by extensions ['cmake', 'python']
[0.497s] Level 1:colcon.colcon_core.package_identification:_identify(src) by extension 'cmake'
[0.497s] Level 1:colcon.colcon_core.package_identification:_identify(src) by extension 'python'
[0.497s] Level 1:colcon.colcon_core.package_identification:_identify(src) by extensions ['python_setup_py']
[0.497s] Level 1:colcon.colcon_core.package_identification:_identify(src) by extension 'python_setup_py'
[0.497s] Level 1:colcon.colcon_core.package_identification:_identify(src/moveit_control) by extensions ['ignore', 'ignore_ament_install']
[0.497s] Level 1:colcon.colcon_core.package_identification:_identify(src/moveit_control) by extension 'ignore'
[0.498s] Level 1:colcon.colcon_core.package_identification:_identify(src/moveit_control) by extension 'ignore_ament_install'
[0.498s] Level 1:colcon.colcon_core.package_identification:_identify(src/moveit_control) by extensions ['colcon_pkg']
[0.498s] Level 1:colcon.colcon_core.package_identification:_identify(src/moveit_control) by extension 'colcon_pkg'
[0.498s] Level 1:colcon.colcon_core.package_identification:_identify(src/moveit_control) by extensions ['colcon_meta']
[0.498s] Level 1:colcon.colcon_core.package_identification:_identify(src/moveit_control) by extension 'colcon_meta'
[0.498s] Level 1:colcon.colcon_core.package_identification:_identify(src/moveit_control) by extensions ['ros']
[0.498s] Level 1:colcon.colcon_core.package_identification:_identify(src/moveit_control) by extension 'ros'
[0.501s] DEBUG:colcon.colcon_core.package_identification:Package 'src/moveit_control' with type 'ros.ament_cmake' and name 'moveit_control'
[0.502s] Level 1:colcon.colcon_core.package_identification:_identify(src/panda_description) by extensions ['ignore', 'ignore_ament_install']
[0.502s] Level 1:colcon.colcon_core.package_identification:_identify(src/panda_description) by extension 'ignore'
[0.502s] Level 1:colcon.colcon_core.package_identification:_identify(src/panda_description) by extension 'ignore_ament_install'
[0.502s] Level 1:colcon.colcon_core.package_identification:_identify(src/panda_description) by extensions ['colcon_pkg']
[0.502s] Level 1:colcon.colcon_core.package_identification:_identify(src/panda_description) by extension 'colcon_pkg'
[0.502s] Level 1:colcon.colcon_core.package_identification:_identify(src/panda_description) by extensions ['colcon_meta']
[0.502s] Level 1:colcon.colcon_core.package_identification:_identify(src/panda_description) by extension 'colcon_meta'
[0.502s] Level 1:colcon.colcon_core.package_identification:_identify(src/panda_description) by extensions ['ros']
[0.502s] Level 1:colcon.colcon_core.package_identification:_identify(src/panda_description) by extension 'ros'
[0.503s] DEBUG:colcon.colcon_core.package_identification:Package 'src/panda_description' with type 'ros.ament_cmake' and name 'panda_description'
[0.503s] Level 1:colcon.colcon_core.package_identification:_identify(src/panda_moveit_config) by extensions ['ignore', 'ignore_ament_install']
[0.503s] Level 1:colcon.colcon_core.package_identification:_identify(src/panda_moveit_config) by extension 'ignore'
[0.503s] Level 1:colcon.colcon_core.package_identification:_identify(src/panda_moveit_config) by extension 'ignore_ament_install'
[0.503s] Level 1:colcon.colcon_core.package_identification:_identify(src/panda_moveit_config) by extensions ['colcon_pkg']
[0.503s] Level 1:colcon.colcon_core.package_identification:_identify(src/panda_moveit_config) by extension 'colcon_pkg'
[0.503s] Level 1:colcon.colcon_core.package_identification:_identify(src/panda_moveit_config) by extensions ['colcon_meta']
[0.503s] Level 1:colcon.colcon_core.package_identification:_identify(src/panda_moveit_config) by extension 'colcon_meta'
[0.503s] Level 1:colcon.colcon_core.package_identification:_identify(src/panda_moveit_config) by extensions ['ros']
[0.503s] Level 1:colcon.colcon_core.package_identification:_identify(src/panda_moveit_config) by extension 'ros'
[0.505s] DEBUG:colcon.colcon_core.package_identification:Package 'src/panda_moveit_config' with type 'ros.ament_cmake' and name 'panda_moveit_config'
[0.506s] Level 1:colcon.colcon_core.package_identification:_identify(src/panda_test_mvt) by extensions ['ignore', 'ignore_ament_install']
[0.506s] Level 1:colcon.colcon_core.package_identification:_identify(src/panda_test_mvt) by extension 'ignore'
[0.506s] Level 1:colcon.colcon_core.package_identification:_identify(src/panda_test_mvt) by extension 'ignore_ament_install'
[0.506s] Level 1:colcon.colcon_core.package_identification:_identify(src/panda_test_mvt) by extensions ['colcon_pkg']
[0.506s] Level 1:colcon.colcon_core.package_identification:_identify(src/panda_test_mvt) by extension 'colcon_pkg'
[0.506s] Level 1:colcon.colcon_core.package_identification:_identify(src/panda_test_mvt) by extensions ['colcon_meta']
[0.506s] Level 1:colcon.colcon_core.package_identification:_identify(src/panda_test_mvt) by extension 'colcon_meta'
[0.506s] Level 1:colcon.colcon_core.package_identification:_identify(src/panda_test_mvt) by extensions ['ros']
[0.506s] Level 1:colcon.colcon_core.package_identification:_identify(src/panda_test_mvt) by extension 'ros'
[0.508s] DEBUG:colcon.colcon_core.package_identification:Package 'src/panda_test_mvt' with type 'ros.ament_cmake' and name 'panda_test_mvt'
[0.508s] Level 1:colcon.colcon_core.package_discovery:discover_packages(recursive) using defaults
[0.508s] Level 1:colcon.colcon_core.package_discovery:discover_packages(ignore) discover
[0.508s] Level 1:colcon.colcon_core.package_discovery:discover_packages(ignore) using defaults
[0.508s] Level 1:colcon.colcon_core.package_discovery:discover_packages(path) discover
[0.508s] Level 1:colcon.colcon_core.package_discovery:discover_packages(path) using defaults
[0.534s] Level 1:colcon.colcon_core.package_discovery:discover_packages(prefix_path) check parameters
[0.534s] Level 1:colcon.colcon_core.package_discovery:discover_packages(prefix_path) discover
[0.536s] DEBUG:colcon.colcon_installed_package_information.package_discovery:Found 3 installed packages in /home/kol/Documents/ros2/Control/panda/install
[0.538s] DEBUG:colcon.colcon_installed_package_information.package_discovery:Found 384 installed packages in /opt/ros/humble
[0.540s] Level 1:colcon.colcon_core.package_discovery:discover_packages(prefix_path) using defaults
[0.605s] Level 5:colcon.colcon_core.verb:set package 'moveit_control' build argument 'cmake_args' from command line to 'None'
[0.605s] Level 5:colcon.colcon_core.verb:set package 'moveit_control' build argument 'cmake_target' from command line to 'None'
[0.605s] Level 5:colcon.colcon_core.verb:set package 'moveit_control' build argument 'cmake_target_skip_unavailable' from command line to 'False'
[0.605s] Level 5:colcon.colcon_core.verb:set package 'moveit_control' build argument 'cmake_clean_cache' from command line to 'False'
[0.605s] Level 5:colcon.colcon_core.verb:set package 'moveit_control' build argument 'cmake_clean_first' from command line to 'False'
[0.605s] Level 5:colcon.colcon_core.verb:set package 'moveit_control' build argument 'cmake_force_configure' from command line to 'False'
[0.605s] Level 5:colcon.colcon_core.verb:set package 'moveit_control' build argument 'ament_cmake_args' from command line to 'None'
[0.605s] Level 5:colcon.colcon_core.verb:set package 'moveit_control' build argument 'catkin_cmake_args' from command line to 'None'
[0.605s] Level 5:colcon.colcon_core.verb:set package 'moveit_control' build argument 'catkin_skip_building_tests' from command line to 'False'
[0.606s] DEBUG:colcon.colcon_core.verb:Building package 'moveit_control' with the following arguments: {'ament_cmake_args': None, 'build_base': '/home/kol/Documents/ros2/Control/panda/build/moveit_control', 'catkin_cmake_args': None, 'catkin_skip_building_tests': False, 'cmake_args': None, 'cmake_clean_cache': False, 'cmake_clean_first': False, 'cmake_force_configure': False, 'cmake_target': None, 'cmake_target_skip_unavailable': False, 'install_base': '/home/kol/Documents/ros2/Control/panda/install/moveit_control', 'merge_install': False, 'path': '/home/kol/Documents/ros2/Control/panda/src/moveit_control', 'symlink_install': False, 'test_result_base': None}
[0.606s] Level 5:colcon.colcon_core.verb:set package 'panda_description' build argument 'cmake_args' from command line to 'None'
[0.606s] Level 5:colcon.colcon_core.verb:set package 'panda_description' build argument 'cmake_target' from command line to 'None'
[0.606s] Level 5:colcon.colcon_core.verb:set package 'panda_description' build argument 'cmake_target_skip_unavailable' from command line to 'False'
[0.606s] Level 5:colcon.colcon_core.verb:set package 'panda_description' build argument 'cmake_clean_cache' from command line to 'False'
[0.606s] Level 5:colcon.colcon_core.verb:set package 'panda_description' build argument 'cmake_clean_first' from command line to 'False'
[0.606s] Level 5:colcon.colcon_core.verb:set package 'panda_description' build argument 'cmake_force_configure' from command line to 'False'
[0.606s] Level 5:colcon.colcon_core.verb:set package 'panda_description' build argument 'ament_cmake_args' from command line to 'None'
[0.606s] Level 5:colcon.colcon_core.verb:set package 'panda_description' build argument 'catkin_cmake_args' from command line to 'None'
[0.606s] Level 5:colcon.colcon_core.verb:set package 'panda_description' build argument 'catkin_skip_building_tests' from command line to 'False'
[0.606s] DEBUG:colcon.colcon_core.verb:Building package 'panda_description' with the following arguments: {'ament_cmake_args': None, 'build_base': '/home/kol/Documents/ros2/Control/panda/build/panda_description', 'catkin_cmake_args': None, 'catkin_skip_building_tests': False, 'cmake_args': None, 'cmake_clean_cache': False, 'cmake_clean_first': False, 'cmake_force_configure': False, 'cmake_target': None, 'cmake_target_skip_unavailable': False, 'install_base': '/home/kol/Documents/ros2/Control/panda/install/panda_description', 'merge_install': False, 'path': '/home/kol/Documents/ros2/Control/panda/src/panda_description', 'symlink_install': False, 'test_result_base': None}
[0.607s] Level 5:colcon.colcon_core.verb:set package 'panda_moveit_config' build argument 'cmake_args' from command line to 'None'
[0.607s] Level 5:colcon.colcon_core.verb:set package 'panda_moveit_config' build argument 'cmake_target' from command line to 'None'
[0.607s] Level 5:colcon.colcon_core.verb:set package 'panda_moveit_config' build argument 'cmake_target_skip_unavailable' from command line to 'False'
[0.607s] Level 5:colcon.colcon_core.verb:set package 'panda_moveit_config' build argument 'cmake_clean_cache' from command line to 'False'
[0.607s] Level 5:colcon.colcon_core.verb:set package 'panda_moveit_config' build argument 'cmake_clean_first' from command line to 'False'
[0.607s] Level 5:colcon.colcon_core.verb:set package 'panda_moveit_config' build argument 'cmake_force_configure' from command line to 'False'
[0.607s] Level 5:colcon.colcon_core.verb:set package 'panda_moveit_config' build argument 'ament_cmake_args' from command line to 'None'
[0.607s] Level 5:colcon.colcon_core.verb:set package 'panda_moveit_config' build argument 'catkin_cmake_args' from command line to 'None'
[0.607s] Level 5:colcon.colcon_core.verb:set package 'panda_moveit_config' build argument 'catkin_skip_building_tests' from command line to 'False'
[0.607s] DEBUG:colcon.colcon_core.verb:Building package 'panda_moveit_config' with the following arguments: {'ament_cmake_args': None, 'build_base': '/home/kol/Documents/ros2/Control/panda/build/panda_moveit_config', 'catkin_cmake_args': None, 'catkin_skip_building_tests': False, 'cmake_args': None, 'cmake_clean_cache': False, 'cmake_clean_first': False, 'cmake_force_configure': False, 'cmake_target': None, 'cmake_target_skip_unavailable': False, 'install_base': '/home/kol/Documents/ros2/Control/panda/install/panda_moveit_config', 'merge_install': False, 'path': '/home/kol/Documents/ros2/Control/panda/src/panda_moveit_config', 'symlink_install': False, 'test_result_base': None}
[0.607s] Level 5:colcon.colcon_core.verb:set package 'panda_test_mvt' build argument 'cmake_args' from command line to 'None'
[0.607s] Level 5:colcon.colcon_core.verb:set package 'panda_test_mvt' build argument 'cmake_target' from command line to 'None'
[0.607s] Level 5:colcon.colcon_core.verb:set package 'panda_test_mvt' build argument 'cmake_target_skip_unavailable' from command line to 'False'
[0.608s] Level 5:colcon.colcon_core.verb:set package 'panda_test_mvt' build argument 'cmake_clean_cache' from command line to 'False'
[0.608s] Level 5:colcon.colcon_core.verb:set package 'panda_test_mvt' build argument 'cmake_clean_first' from command line to 'False'
[0.608s] Level 5:colcon.colcon_core.verb:set package 'panda_test_mvt' build argument 'cmake_force_configure' from command line to 'False'
[0.608s] Level 5:colcon.colcon_core.verb:set package 'panda_test_mvt' build argument 'ament_cmake_args' from command line to 'None'
[0.608s] Level 5:colcon.colcon_core.verb:set package 'panda_test_mvt' build argument 'catkin_cmake_args' from command line to 'None'
[0.608s] Level 5:colcon.colcon_core.verb:set package 'panda_test_mvt' build argument 'catkin_skip_building_tests' from command line to 'False'
[0.608s] DEBUG:colcon.colcon_core.verb:Building package 'panda_test_mvt' with the following arguments: {'ament_cmake_args': None, 'build_base': '/home/kol/Documents/ros2/Control/panda/build/panda_test_mvt', 'catkin_cmake_args': None, 'catkin_skip_building_tests': False, 'cmake_args': None, 'cmake_clean_cache': False, 'cmake_clean_first': False, 'cmake_force_configure': False, 'cmake_target': None, 'cmake_target_skip_unavailable': False, 'install_base': '/home/kol/Documents/ros2/Control/panda/install/panda_test_mvt', 'merge_install': False, 'path': '/home/kol/Documents/ros2/Control/panda/src/panda_test_mvt', 'symlink_install': False, 'test_result_base': None}
[0.608s] INFO:colcon.colcon_core.executor:Executing jobs using 'parallel' executor
[0.609s] DEBUG:colcon.colcon_parallel_executor.executor.parallel:run_until_complete
[0.609s] INFO:colcon.colcon_ros.task.ament_cmake.build:Building ROS package in '/home/kol/Documents/ros2/Control/panda/src/panda_description' with build type 'ament_cmake'
[0.609s] INFO:colcon.colcon_cmake.task.cmake.build:Building CMake package in '/home/kol/Documents/ros2/Control/panda/src/panda_description'
[0.612s] INFO:colcon.colcon_core.plugin_system:Skipping extension 'colcon_core.shell.bat': Not used on non-Windows systems
[0.612s] INFO:colcon.colcon_core.shell:Skip shell extension 'powershell' for command environment: Not usable outside of PowerShell
[0.612s] DEBUG:colcon.colcon_core.shell:Skip shell extension 'dsv' for command environment
[0.617s] INFO:colcon.colcon_ros.task.ament_cmake.build:Building ROS package in '/home/kol/Documents/ros2/Control/panda/src/moveit_control' with build type 'ament_cmake'
[0.617s] INFO:colcon.colcon_cmake.task.cmake.build:Building CMake package in '/home/kol/Documents/ros2/Control/panda/src/moveit_control'
[0.617s] INFO:colcon.colcon_core.shell:Skip shell extension 'powershell' for command environment: Not usable outside of PowerShell
[0.617s] DEBUG:colcon.colcon_core.shell:Skip shell extension 'dsv' for command environment
[0.630s] DEBUG:colcon.colcon_core.event_handler.log_command:Invoking command in '/home/kol/Documents/ros2/Control/panda/build/panda_description': CMAKE_PREFIX_PATH=${CMAKE_PREFIX_PATH}:/opt/ros/humble /usr/bin/cmake --build /home/kol/Documents/ros2/Control/panda/build/panda_description -- -j4 -l4
[0.636s] DEBUG:colcon.colcon_core.event_handler.log_command:Invoking command in '/home/kol/Documents/ros2/Control/panda/build/moveit_control': CMAKE_PREFIX_PATH=${CMAKE_PREFIX_PATH}:/opt/ros/humble /usr/bin/cmake /home/kol/Documents/ros2/Control/panda/src/moveit_control -DCMAKE_INSTALL_PREFIX=/home/kol/Documents/ros2/Control/panda/install/moveit_control
[0.681s] DEBUG:colcon.colcon_core.event_handler.log_command:Invoked command in '/home/kol/Documents/ros2/Control/panda/build/panda_description' returned '0': CMAKE_PREFIX_PATH=${CMAKE_PREFIX_PATH}:/opt/ros/humble /usr/bin/cmake --build /home/kol/Documents/ros2/Control/panda/build/panda_description -- -j4 -l4
[0.694s] DEBUG:colcon.colcon_core.event_handler.log_command:Invoking command in '/home/kol/Documents/ros2/Control/panda/build/panda_description': CMAKE_PREFIX_PATH=${CMAKE_PREFIX_PATH}:/opt/ros/humble /usr/bin/cmake --install /home/kol/Documents/ros2/Control/panda/build/panda_description
[0.710s] Level 1:colcon.colcon_core.environment:create_environment_scripts_only(panda_description)
[0.712s] DEBUG:colcon.colcon_core.event_handler.log_command:Invoked command in '/home/kol/Documents/ros2/Control/panda/build/panda_description' returned '0': CMAKE_PREFIX_PATH=${CMAKE_PREFIX_PATH}:/opt/ros/humble /usr/bin/cmake --install /home/kol/Documents/ros2/Control/panda/build/panda_description
[0.716s] Level 1:colcon.colcon_core.environment:checking '/home/kol/Documents/ros2/Control/panda/install/panda_description' for CMake module files
[0.717s] Level 1:colcon.colcon_core.environment:checking '/home/kol/Documents/ros2/Control/panda/install/panda_description' for CMake config files
[0.717s] Level 1:colcon.colcon_core.shell:create_environment_hook('panda_description', 'cmake_prefix_path')
[0.718s] INFO:colcon.colcon_core.shell:Creating environment hook '/home/kol/Documents/ros2/Control/panda/install/panda_description/share/panda_description/hook/cmake_prefix_path.ps1'
[0.719s] INFO:colcon.colcon_core.shell:Creating environment descriptor '/home/kol/Documents/ros2/Control/panda/install/panda_description/share/panda_description/hook/cmake_prefix_path.dsv'
[0.720s] INFO:colcon.colcon_core.shell:Creating environment hook '/home/kol/Documents/ros2/Control/panda/install/panda_description/share/panda_description/hook/cmake_prefix_path.sh'
[0.722s] Level 1:colcon.colcon_core.environment:checking '/home/kol/Documents/ros2/Control/panda/install/panda_description/bin'
[0.722s] Level 1:colcon.colcon_core.environment:checking '/home/kol/Documents/ros2/Control/panda/install/panda_description/lib/pkgconfig/panda_description.pc'
[0.723s] Level 1:colcon.colcon_core.environment:checking '/home/kol/Documents/ros2/Control/panda/install/panda_description/lib/python3.10/site-packages'
[0.723s] Level 1:colcon.colcon_core.environment:checking '/home/kol/Documents/ros2/Control/panda/install/panda_description/bin'
[0.724s] INFO:colcon.colcon_core.shell:Creating package script '/home/kol/Documents/ros2/Control/panda/install/panda_description/share/panda_description/package.ps1'
[0.726s] INFO:colcon.colcon_core.shell:Creating package descriptor '/home/kol/Documents/ros2/Control/panda/install/panda_description/share/panda_description/package.dsv'
[0.727s] INFO:colcon.colcon_core.shell:Creating package script '/home/kol/Documents/ros2/Control/panda/install/panda_description/share/panda_description/package.sh'
[0.729s] INFO:colcon.colcon_core.shell:Creating package script '/home/kol/Documents/ros2/Control/panda/install/panda_description/share/panda_description/package.bash'
[0.731s] INFO:colcon.colcon_core.shell:Creating package script '/home/kol/Documents/ros2/Control/panda/install/panda_description/share/panda_description/package.zsh'
[0.733s] Level 1:colcon.colcon_core.environment:create_file_with_runtime_dependencies(/home/kol/Documents/ros2/Control/panda/install/panda_description/share/colcon-core/packages/panda_description)
[0.734s] Level 1:colcon.colcon_core.environment:create_environment_scripts_only(panda_description)
[0.734s] Level 1:colcon.colcon_core.environment:checking '/home/kol/Documents/ros2/Control/panda/install/panda_description' for CMake module files
[0.735s] Level 1:colcon.colcon_core.environment:checking '/home/kol/Documents/ros2/Control/panda/install/panda_description' for CMake config files
[0.735s] Level 1:colcon.colcon_core.shell:create_environment_hook('panda_description', 'cmake_prefix_path')
[0.736s] INFO:colcon.colcon_core.shell:Creating environment hook '/home/kol/Documents/ros2/Control/panda/install/panda_description/share/panda_description/hook/cmake_prefix_path.ps1'
[0.737s] INFO:colcon.colcon_core.shell:Creating environment descriptor '/home/kol/Documents/ros2/Control/panda/install/panda_description/share/panda_description/hook/cmake_prefix_path.dsv'
[0.738s] INFO:colcon.colcon_core.shell:Creating environment hook '/home/kol/Documents/ros2/Control/panda/install/panda_description/share/panda_description/hook/cmake_prefix_path.sh'
[0.739s] Level 1:colcon.colcon_core.environment:checking '/home/kol/Documents/ros2/Control/panda/install/panda_description/bin'
[0.739s] Level 1:colcon.colcon_core.environment:checking '/home/kol/Documents/ros2/Control/panda/install/panda_description/lib/pkgconfig/panda_description.pc'
[0.740s] Level 1:colcon.colcon_core.environment:checking '/home/kol/Documents/ros2/Control/panda/install/panda_description/lib/python3.10/site-packages'
[0.740s] Level 1:colcon.colcon_core.environment:checking '/home/kol/Documents/ros2/Control/panda/install/panda_description/bin'
[0.741s] INFO:colcon.colcon_core.shell:Creating package script '/home/kol/Documents/ros2/Control/panda/install/panda_description/share/panda_description/package.ps1'
[0.742s] INFO:colcon.colcon_core.shell:Creating package descriptor '/home/kol/Documents/ros2/Control/panda/install/panda_description/share/panda_description/package.dsv'
[0.742s] INFO:colcon.colcon_core.shell:Creating package script '/home/kol/Documents/ros2/Control/panda/install/panda_description/share/panda_description/package.sh'
[0.743s] INFO:colcon.colcon_core.shell:Creating package script '/home/kol/Documents/ros2/Control/panda/install/panda_description/share/panda_description/package.bash'
[0.744s] INFO:colcon.colcon_core.shell:Creating package script '/home/kol/Documents/ros2/Control/panda/install/panda_description/share/panda_description/package.zsh'
[0.744s] Level 1:colcon.colcon_core.environment:create_file_with_runtime_dependencies(/home/kol/Documents/ros2/Control/panda/install/panda_description/share/colcon-core/packages/panda_description)
[0.745s] INFO:colcon.colcon_ros.task.ament_cmake.build:Building ROS package in '/home/kol/Documents/ros2/Control/panda/src/panda_moveit_config' with build type 'ament_cmake'
[0.745s] INFO:colcon.colcon_cmake.task.cmake.build:Building CMake package in '/home/kol/Documents/ros2/Control/panda/src/panda_moveit_config'
[0.746s] INFO:colcon.colcon_core.shell:Skip shell extension 'powershell' for command environment: Not usable outside of PowerShell
[0.746s] DEBUG:colcon.colcon_core.shell:Skip shell extension 'dsv' for command environment
[0.753s] INFO:colcon.colcon_ros.task.ament_cmake.build:Building ROS package in '/home/kol/Documents/ros2/Control/panda/src/panda_test_mvt' with build type 'ament_cmake'
[0.754s] INFO:colcon.colcon_cmake.task.cmake.build:Building CMake package in '/home/kol/Documents/ros2/Control/panda/src/panda_test_mvt'
[0.754s] INFO:colcon.colcon_core.shell:Skip shell extension 'powershell' for command environment: Not usable outside of PowerShell
[0.754s] DEBUG:colcon.colcon_core.shell:Skip shell extension 'dsv' for command environment
[0.775s] DEBUG:colcon.colcon_core.event_handler.log_command:Invoking command in '/home/kol/Documents/ros2/Control/panda/build/panda_moveit_config': CMAKE_PREFIX_PATH=/home/kol/Documents/ros2/Control/panda/install/panda_description:/home/kol/Documents/ros2/Control/panda/install/panda_test_mvt:/home/kol/Documents/ros2/Control/panda/install/panda_moveit_config:/opt/ros/humble /usr/bin/cmake --build /home/kol/Documents/ros2/Control/panda/build/panda_moveit_config -- -j4 -l4
[0.777s] DEBUG:colcon.colcon_core.event_handler.log_command:Invoking command in '/home/kol/Documents/ros2/Control/panda/build/panda_test_mvt': CMAKE_PREFIX_PATH=/home/kol/Documents/ros2/Control/panda/install/panda_description:/home/kol/Documents/ros2/Control/panda/install/panda_test_mvt:/home/kol/Documents/ros2/Control/panda/install/panda_moveit_config:/opt/ros/humble /usr/bin/cmake --build /home/kol/Documents/ros2/Control/panda/build/panda_test_mvt -- -j4 -l4
[0.824s] DEBUG:colcon.colcon_core.event_handler.log_command:Invoked command in '/home/kol/Documents/ros2/Control/panda/build/panda_moveit_config' returned '0': CMAKE_PREFIX_PATH=/home/kol/Documents/ros2/Control/panda/install/panda_description:/home/kol/Documents/ros2/Control/panda/install/panda_test_mvt:/home/kol/Documents/ros2/Control/panda/install/panda_moveit_config:/opt/ros/humble /usr/bin/cmake --build /home/kol/Documents/ros2/Control/panda/build/panda_moveit_config -- -j4 -l4
[0.825s] DEBUG:colcon.colcon_core.event_handler.log_command:Invoking command in '/home/kol/Documents/ros2/Control/panda/build/panda_moveit_config': CMAKE_PREFIX_PATH=/home/kol/Documents/ros2/Control/panda/install/panda_description:/home/kol/Documents/ros2/Control/panda/install/panda_test_mvt:/home/kol/Documents/ros2/Control/panda/install/panda_moveit_config:/opt/ros/humble /usr/bin/cmake --install /home/kol/Documents/ros2/Control/panda/build/panda_moveit_config
[0.836s] DEBUG:colcon.colcon_core.event_handler.log_command:Invoked command in '/home/kol/Documents/ros2/Control/panda/build/panda_test_mvt' returned '0': CMAKE_PREFIX_PATH=/home/kol/Documents/ros2/Control/panda/install/panda_description:/home/kol/Documents/ros2/Control/panda/install/panda_test_mvt:/home/kol/Documents/ros2/Control/panda/install/panda_moveit_config:/opt/ros/humble /usr/bin/cmake --build /home/kol/Documents/ros2/Control/panda/build/panda_test_mvt -- -j4 -l4
[0.839s] DEBUG:colcon.colcon_core.event_handler.log_command:Invoking command in '/home/kol/Documents/ros2/Control/panda/build/panda_test_mvt': CMAKE_PREFIX_PATH=/home/kol/Documents/ros2/Control/panda/install/panda_description:/home/kol/Documents/ros2/Control/panda/install/panda_test_mvt:/home/kol/Documents/ros2/Control/panda/install/panda_moveit_config:/opt/ros/humble /usr/bin/cmake --install /home/kol/Documents/ros2/Control/panda/build/panda_test_mvt
[0.847s] Level 1:colcon.colcon_core.environment:create_environment_scripts_only(panda_moveit_config)
[0.848s] Level 1:colcon.colcon_core.environment:checking '/home/kol/Documents/ros2/Control/panda/install/panda_moveit_config' for CMake module files
[0.849s] Level 1:colcon.colcon_core.environment:checking '/home/kol/Documents/ros2/Control/panda/install/panda_moveit_config' for CMake config files
[0.852s] Level 1:colcon.colcon_core.shell:create_environment_hook('panda_moveit_config', 'cmake_prefix_path')
[0.853s] INFO:colcon.colcon_core.shell:Creating environment hook '/home/kol/Documents/ros2/Control/panda/install/panda_moveit_config/share/panda_moveit_config/hook/cmake_prefix_path.ps1'
[0.855s] INFO:colcon.colcon_core.shell:Creating environment descriptor '/home/kol/Documents/ros2/Control/panda/install/panda_moveit_config/share/panda_moveit_config/hook/cmake_prefix_path.dsv'
[0.858s] DEBUG:colcon.colcon_core.event_handler.log_command:Invoked command in '/home/kol/Documents/ros2/Control/panda/build/panda_moveit_config' returned '0': CMAKE_PREFIX_PATH=/home/kol/Documents/ros2/Control/panda/install/panda_description:/home/kol/Documents/ros2/Control/panda/install/panda_test_mvt:/home/kol/Documents/ros2/Control/panda/install/panda_moveit_config:/opt/ros/humble /usr/bin/cmake --install /home/kol/Documents/ros2/Control/panda/build/panda_moveit_config
[0.859s] INFO:colcon.colcon_core.shell:Creating environment hook '/home/kol/Documents/ros2/Control/panda/install/panda_moveit_config/share/panda_moveit_config/hook/cmake_prefix_path.sh'
[0.866s] Level 1:colcon.colcon_core.environment:checking '/home/kol/Documents/ros2/Control/panda/install/panda_moveit_config/bin'
[0.866s] Level 1:colcon.colcon_core.environment:checking '/home/kol/Documents/ros2/Control/panda/install/panda_moveit_config/lib/pkgconfig/panda_moveit_config.pc'
[0.866s] Level 1:colcon.colcon_core.environment:checking '/home/kol/Documents/ros2/Control/panda/install/panda_moveit_config/lib/python3.10/site-packages'
[0.867s] Level 1:colcon.colcon_core.environment:checking '/home/kol/Documents/ros2/Control/panda/install/panda_moveit_config/bin'
[0.868s] INFO:colcon.colcon_core.shell:Creating package script '/home/kol/Documents/ros2/Control/panda/install/panda_moveit_config/share/panda_moveit_config/package.ps1'
[0.868s] INFO:colcon.colcon_core.shell:Creating package descriptor '/home/kol/Documents/ros2/Control/panda/install/panda_moveit_config/share/panda_moveit_config/package.dsv'
[0.869s] INFO:colcon.colcon_core.shell:Creating package script '/home/kol/Documents/ros2/Control/panda/install/panda_moveit_config/share/panda_moveit_config/package.sh'
[0.870s] INFO:colcon.colcon_core.shell:Creating package script '/home/kol/Documents/ros2/Control/panda/install/panda_moveit_config/share/panda_moveit_config/package.bash'
[0.870s] INFO:colcon.colcon_core.shell:Creating package script '/home/kol/Documents/ros2/Control/panda/install/panda_moveit_config/share/panda_moveit_config/package.zsh'
[0.870s] Level 1:colcon.colcon_core.environment:create_file_with_runtime_dependencies(/home/kol/Documents/ros2/Control/panda/install/panda_moveit_config/share/colcon-core/packages/panda_moveit_config)
[0.871s] Level 1:colcon.colcon_core.environment:create_environment_scripts_only(panda_moveit_config)
[0.872s] Level 1:colcon.colcon_core.environment:checking '/home/kol/Documents/ros2/Control/panda/install/panda_moveit_config' for CMake module files
[0.872s] Level 1:colcon.colcon_core.environment:checking '/home/kol/Documents/ros2/Control/panda/install/panda_moveit_config' for CMake config files
[0.872s] Level 1:colcon.colcon_core.shell:create_environment_hook('panda_moveit_config', 'cmake_prefix_path')
[0.873s] INFO:colcon.colcon_core.shell:Creating environment hook '/home/kol/Documents/ros2/Control/panda/install/panda_moveit_config/share/panda_moveit_config/hook/cmake_prefix_path.ps1'
[0.874s] INFO:colcon.colcon_core.shell:Creating environment descriptor '/home/kol/Documents/ros2/Control/panda/install/panda_moveit_config/share/panda_moveit_config/hook/cmake_prefix_path.dsv'
[0.874s] INFO:colcon.colcon_core.shell:Creating environment hook '/home/kol/Documents/ros2/Control/panda/install/panda_moveit_config/share/panda_moveit_config/hook/cmake_prefix_path.sh'
[0.875s] Level 1:colcon.colcon_core.environment:checking '/home/kol/Documents/ros2/Control/panda/install/panda_moveit_config/bin'
[0.875s] Level 1:colcon.colcon_core.environment:checking '/home/kol/Documents/ros2/Control/panda/install/panda_moveit_config/lib/pkgconfig/panda_moveit_config.pc'
[0.875s] Level 1:colcon.colcon_core.environment:checking '/home/kol/Documents/ros2/Control/panda/install/panda_moveit_config/lib/python3.10/site-packages'
[0.875s] Level 1:colcon.colcon_core.environment:checking '/home/kol/Documents/ros2/Control/panda/install/panda_moveit_config/bin'
[0.876s] INFO:colcon.colcon_core.shell:Creating package script '/home/kol/Documents/ros2/Control/panda/install/panda_moveit_config/share/panda_moveit_config/package.ps1'
[0.876s] INFO:colcon.colcon_core.shell:Creating package descriptor '/home/kol/Documents/ros2/Control/panda/install/panda_moveit_config/share/panda_moveit_config/package.dsv'
[0.877s] INFO:colcon.colcon_core.shell:Creating package script '/home/kol/Documents/ros2/Control/panda/install/panda_moveit_config/share/panda_moveit_config/package.sh'
[0.878s] INFO:colcon.colcon_core.shell:Creating package script '/home/kol/Documents/ros2/Control/panda/install/panda_moveit_config/share/panda_moveit_config/package.bash'
[0.878s] INFO:colcon.colcon_core.shell:Creating package script '/home/kol/Documents/ros2/Control/panda/install/panda_moveit_config/share/panda_moveit_config/package.zsh'
[0.879s] Level 1:colcon.colcon_core.environment:create_file_with_runtime_dependencies(/home/kol/Documents/ros2/Control/panda/install/panda_moveit_config/share/colcon-core/packages/panda_moveit_config)
[0.880s] Level 1:colcon.colcon_core.environment:create_environment_scripts_only(panda_test_mvt)
[0.880s] Level 1:colcon.colcon_core.environment:checking '/home/kol/Documents/ros2/Control/panda/install/panda_test_mvt' for CMake module files
[0.882s] DEBUG:colcon.colcon_core.event_handler.log_command:Invoked command in '/home/kol/Documents/ros2/Control/panda/build/panda_test_mvt' returned '0': CMAKE_PREFIX_PATH=/home/kol/Documents/ros2/Control/panda/install/panda_description:/home/kol/Documents/ros2/Control/panda/install/panda_test_mvt:/home/kol/Documents/ros2/Control/panda/install/panda_moveit_config:/opt/ros/humble /usr/bin/cmake --install /home/kol/Documents/ros2/Control/panda/build/panda_test_mvt
[0.882s] Level 1:colcon.colcon_core.environment:checking '/home/kol/Documents/ros2/Control/panda/install/panda_test_mvt' for CMake config files
[0.883s] Level 1:colcon.colcon_core.shell:create_environment_hook('panda_test_mvt', 'cmake_prefix_path')
[0.883s] INFO:colcon.colcon_core.shell:Creating environment hook '/home/kol/Documents/ros2/Control/panda/install/panda_test_mvt/share/panda_test_mvt/hook/cmake_prefix_path.ps1'
[0.884s] INFO:colcon.colcon_core.shell:Creating environment descriptor '/home/kol/Documents/ros2/Control/panda/install/panda_test_mvt/share/panda_test_mvt/hook/cmake_prefix_path.dsv'
[0.885s] INFO:colcon.colcon_core.shell:Creating environment hook '/home/kol/Documents/ros2/Control/panda/install/panda_test_mvt/share/panda_test_mvt/hook/cmake_prefix_path.sh'
[0.885s] Level 1:colcon.colcon_core.environment:checking '/home/kol/Documents/ros2/Control/panda/install/panda_test_mvt/bin'
[0.885s] Level 1:colcon.colcon_core.environment:checking '/home/kol/Documents/ros2/Control/panda/install/panda_test_mvt/lib/pkgconfig/panda_test_mvt.pc'
[0.886s] Level 1:colcon.colcon_core.environment:checking '/home/kol/Documents/ros2/Control/panda/install/panda_test_mvt/lib/python3.10/site-packages'
[0.886s] Level 1:colcon.colcon_core.environment:checking '/home/kol/Documents/ros2/Control/panda/install/panda_test_mvt/bin'
[0.886s] INFO:colcon.colcon_core.shell:Creating package script '/home/kol/Documents/ros2/Control/panda/install/panda_test_mvt/share/panda_test_mvt/package.ps1'
[0.887s] INFO:colcon.colcon_core.shell:Creating package descriptor '/home/kol/Documents/ros2/Control/panda/install/panda_test_mvt/share/panda_test_mvt/package.dsv'
[0.888s] INFO:colcon.colcon_core.shell:Creating package script '/home/kol/Documents/ros2/Control/panda/install/panda_test_mvt/share/panda_test_mvt/package.sh'
[0.888s] INFO:colcon.colcon_core.shell:Creating package script '/home/kol/Documents/ros2/Control/panda/install/panda_test_mvt/share/panda_test_mvt/package.bash'
[0.889s] INFO:colcon.colcon_core.shell:Creating package script '/home/kol/Documents/ros2/Control/panda/install/panda_test_mvt/share/panda_test_mvt/package.zsh'
[0.889s] Level 1:colcon.colcon_core.environment:create_file_with_runtime_dependencies(/home/kol/Documents/ros2/Control/panda/install/panda_test_mvt/share/colcon-core/packages/panda_test_mvt)
[0.890s] Level 1:colcon.colcon_core.environment:create_environment_scripts_only(panda_test_mvt)
[0.890s] Level 1:colcon.colcon_core.environment:checking '/home/kol/Documents/ros2/Control/panda/install/panda_test_mvt' for CMake module files
[0.891s] Level 1:colcon.colcon_core.environment:checking '/home/kol/Documents/ros2/Control/panda/install/panda_test_mvt' for CMake config files
[0.891s] Level 1:colcon.colcon_core.shell:create_environment_hook('panda_test_mvt', 'cmake_prefix_path')
[0.891s] INFO:colcon.colcon_core.shell:Creating environment hook '/home/kol/Documents/ros2/Control/panda/install/panda_test_mvt/share/panda_test_mvt/hook/cmake_prefix_path.ps1'
[0.892s] INFO:colcon.colcon_core.shell:Creating environment descriptor '/home/kol/Documents/ros2/Control/panda/install/panda_test_mvt/share/panda_test_mvt/hook/cmake_prefix_path.dsv'
[0.892s] INFO:colcon.colcon_core.shell:Creating environment hook '/home/kol/Documents/ros2/Control/panda/install/panda_test_mvt/share/panda_test_mvt/hook/cmake_prefix_path.sh'
[0.893s] Level 1:colcon.colcon_core.environment:checking '/home/kol/Documents/ros2/Control/panda/install/panda_test_mvt/bin'
[0.893s] Level 1:colcon.colcon_core.environment:checking '/home/kol/Documents/ros2/Control/panda/install/panda_test_mvt/lib/pkgconfig/panda_test_mvt.pc'
[0.894s] Level 1:colcon.colcon_core.environment:checking '/home/kol/Documents/ros2/Control/panda/install/panda_test_mvt/lib/python3.10/site-packages'
[0.894s] Level 1:colcon.colcon_core.environment:checking '/home/kol/Documents/ros2/Control/panda/install/panda_test_mvt/bin'
[0.894s] INFO:colcon.colcon_core.shell:Creating package script '/home/kol/Documents/ros2/Control/panda/install/panda_test_mvt/share/panda_test_mvt/package.ps1'
[0.895s] INFO:colcon.colcon_core.shell:Creating package descriptor '/home/kol/Documents/ros2/Control/panda/install/panda_test_mvt/share/panda_test_mvt/package.dsv'
[0.896s] INFO:colcon.colcon_core.shell:Creating package script '/home/kol/Documents/ros2/Control/panda/install/panda_test_mvt/share/panda_test_mvt/package.sh'
[0.896s] INFO:colcon.colcon_core.shell:Creating package script '/home/kol/Documents/ros2/Control/panda/install/panda_test_mvt/share/panda_test_mvt/package.bash'
[0.897s] INFO:colcon.colcon_core.shell:Creating package script '/home/kol/Documents/ros2/Control/panda/install/panda_test_mvt/share/panda_test_mvt/package.zsh'
[0.897s] Level 1:colcon.colcon_core.environment:create_file_with_runtime_dependencies(/home/kol/Documents/ros2/Control/panda/install/panda_test_mvt/share/colcon-core/packages/panda_test_mvt)
[3.187s] DEBUG:colcon.colcon_core.event_handler.log_command:Invoked command in '/home/kol/Documents/ros2/Control/panda/build/moveit_control' returned '0': CMAKE_PREFIX_PATH=${CMAKE_PREFIX_PATH}:/opt/ros/humble /usr/bin/cmake /home/kol/Documents/ros2/Control/panda/src/moveit_control -DCMAKE_INSTALL_PREFIX=/home/kol/Documents/ros2/Control/panda/install/moveit_control
[3.189s] DEBUG:colcon.colcon_core.event_handler.log_command:Invoking command in '/home/kol/Documents/ros2/Control/panda/build/moveit_control': CMAKE_PREFIX_PATH=${CMAKE_PREFIX_PATH}:/opt/ros/humble /usr/bin/cmake --build /home/kol/Documents/ros2/Control/panda/build/moveit_control -- -j4 -l4
[14.698s] DEBUG:colcon.colcon_core.event_handler.log_command:Invoked command in '/home/kol/Documents/ros2/Control/panda/build/moveit_control' returned '0': CMAKE_PREFIX_PATH=${CMAKE_PREFIX_PATH}:/opt/ros/humble /usr/bin/cmake --build /home/kol/Documents/ros2/Control/panda/build/moveit_control -- -j4 -l4
[14.700s] DEBUG:colcon.colcon_core.event_handler.log_command:Invoking command in '/home/kol/Documents/ros2/Control/panda/build/moveit_control': CMAKE_PREFIX_PATH=${CMAKE_PREFIX_PATH}:/opt/ros/humble /usr/bin/cmake --install /home/kol/Documents/ros2/Control/panda/build/moveit_control
[14.723s] Level 1:colcon.colcon_core.environment:create_environment_scripts_only(moveit_control)
[14.724s] Level 1:colcon.colcon_core.environment:checking '/home/kol/Documents/ros2/Control/panda/install/moveit_control' for CMake module files
[14.725s] DEBUG:colcon.colcon_core.event_handler.log_command:Invoked command in '/home/kol/Documents/ros2/Control/panda/build/moveit_control' returned '0': CMAKE_PREFIX_PATH=${CMAKE_PREFIX_PATH}:/opt/ros/humble /usr/bin/cmake --install /home/kol/Documents/ros2/Control/panda/build/moveit_control
[14.725s] Level 1:colcon.colcon_core.environment:checking '/home/kol/Documents/ros2/Control/panda/install/moveit_control' for CMake config files
[14.726s] Level 1:colcon.colcon_core.shell:create_environment_hook('moveit_control', 'cmake_prefix_path')
[14.726s] INFO:colcon.colcon_core.shell:Creating environment hook '/home/kol/Documents/ros2/Control/panda/install/moveit_control/share/moveit_control/hook/cmake_prefix_path.ps1'
[14.727s] INFO:colcon.colcon_core.shell:Creating environment descriptor '/home/kol/Documents/ros2/Control/panda/install/moveit_control/share/moveit_control/hook/cmake_prefix_path.dsv'
[14.727s] INFO:colcon.colcon_core.shell:Creating environment hook '/home/kol/Documents/ros2/Control/panda/install/moveit_control/share/moveit_control/hook/cmake_prefix_path.sh'
[14.728s] Level 1:colcon.colcon_core.environment:checking '/home/kol/Documents/ros2/Control/panda/install/moveit_control/lib'
[14.728s] Level 1:colcon.colcon_core.environment:checking '/home/kol/Documents/ros2/Control/panda/install/moveit_control/bin'
[14.728s] Level 1:colcon.colcon_core.environment:checking '/home/kol/Documents/ros2/Control/panda/install/moveit_control/lib/pkgconfig/moveit_control.pc'
[14.729s] Level 1:colcon.colcon_core.environment:checking '/home/kol/Documents/ros2/Control/panda/install/moveit_control/lib/python3.10/site-packages'
[14.729s] Level 1:colcon.colcon_core.environment:checking '/home/kol/Documents/ros2/Control/panda/install/moveit_control/bin'
[14.730s] INFO:colcon.colcon_core.shell:Creating package script '/home/kol/Documents/ros2/Control/panda/install/moveit_control/share/moveit_control/package.ps1'
[14.730s] INFO:colcon.colcon_core.shell:Creating package descriptor '/home/kol/Documents/ros2/Control/panda/install/moveit_control/share/moveit_control/package.dsv'
[14.731s] INFO:colcon.colcon_core.shell:Creating package script '/home/kol/Documents/ros2/Control/panda/install/moveit_control/share/moveit_control/package.sh'
[14.731s] INFO:colcon.colcon_core.shell:Creating package script '/home/kol/Documents/ros2/Control/panda/install/moveit_control/share/moveit_control/package.bash'
[14.732s] INFO:colcon.colcon_core.shell:Creating package script '/home/kol/Documents/ros2/Control/panda/install/moveit_control/share/moveit_control/package.zsh'
[14.732s] Level 1:colcon.colcon_core.environment:create_file_with_runtime_dependencies(/home/kol/Documents/ros2/Control/panda/install/moveit_control/share/colcon-core/packages/moveit_control)
[14.733s] Level 1:colcon.colcon_core.environment:create_environment_scripts_only(moveit_control)
[14.734s] Level 1:colcon.colcon_core.environment:checking '/home/kol/Documents/ros2/Control/panda/install/moveit_control' for CMake module files
[14.734s] Level 1:colcon.colcon_core.environment:checking '/home/kol/Documents/ros2/Control/panda/install/moveit_control' for CMake config files
[14.735s] Level 1:colcon.colcon_core.shell:create_environment_hook('moveit_control', 'cmake_prefix_path')
[14.735s] INFO:colcon.colcon_core.shell:Creating environment hook '/home/kol/Documents/ros2/Control/panda/install/moveit_control/share/moveit_control/hook/cmake_prefix_path.ps1'
[14.736s] INFO:colcon.colcon_core.shell:Creating environment descriptor '/home/kol/Documents/ros2/Control/panda/install/moveit_control/share/moveit_control/hook/cmake_prefix_path.dsv'
[14.736s] INFO:colcon.colcon_core.shell:Creating environment hook '/home/kol/Documents/ros2/Control/panda/install/moveit_control/share/moveit_control/hook/cmake_prefix_path.sh'
[14.737s] Level 1:colcon.colcon_core.environment:checking '/home/kol/Documents/ros2/Control/panda/install/moveit_control/lib'
[14.738s] Level 1:colcon.colcon_core.environment:checking '/home/kol/Documents/ros2/Control/panda/install/moveit_control/bin'
[14.738s] Level 1:colcon.colcon_core.environment:checking '/home/kol/Documents/ros2/Control/panda/install/moveit_control/lib/pkgconfig/moveit_control.pc'
[14.738s] Level 1:colcon.colcon_core.environment:checking '/home/kol/Documents/ros2/Control/panda/install/moveit_control/lib/python3.10/site-packages'
[14.738s] Level 1:colcon.colcon_core.environment:checking '/home/kol/Documents/ros2/Control/panda/install/moveit_control/bin'
[14.739s] INFO:colcon.colcon_core.shell:Creating package script '/home/kol/Documents/ros2/Control/panda/install/moveit_control/share/moveit_control/package.ps1'
[14.740s] INFO:colcon.colcon_core.shell:Creating package descriptor '/home/kol/Documents/ros2/Control/panda/install/moveit_control/share/moveit_control/package.dsv'
[14.740s] INFO:colcon.colcon_core.shell:Creating package script '/home/kol/Documents/ros2/Control/panda/install/moveit_control/share/moveit_control/package.sh'
[14.741s] INFO:colcon.colcon_core.shell:Creating package script '/home/kol/Documents/ros2/Control/panda/install/moveit_control/share/moveit_control/package.bash'
[14.742s] INFO:colcon.colcon_core.shell:Creating package script '/home/kol/Documents/ros2/Control/panda/install/moveit_control/share/moveit_control/package.zsh'
[14.742s] Level 1:colcon.colcon_core.environment:create_file_with_runtime_dependencies(/home/kol/Documents/ros2/Control/panda/install/moveit_control/share/colcon-core/packages/moveit_control)
[14.743s] DEBUG:colcon.colcon_parallel_executor.executor.parallel:closing loop
[14.743s] DEBUG:colcon.colcon_parallel_executor.executor.parallel:loop closed
[14.743s] DEBUG:colcon.colcon_parallel_executor.executor.parallel:run_until_complete finished with '0'
[14.743s] DEBUG:colcon.colcon_core.event_reactor:joining thread
[14.752s] INFO:colcon.colcon_core.plugin_system:Skipping extension 'colcon_notification.desktop_notification.terminal_notifier': Not used on non-Darwin systems
[14.752s] INFO:colcon.colcon_core.plugin_system:Skipping extension 'colcon_notification.desktop_notification.win32': Not used on non-Windows systems
[14.752s] INFO:colcon.colcon_notification.desktop_notification:Sending desktop notification using 'notify2'
[14.766s] DEBUG:colcon.colcon_core.event_reactor:joined thread
[14.767s] INFO:colcon.colcon_core.shell:Creating prefix script '/home/kol/Documents/ros2/Control/panda/install/local_setup.ps1'
[14.768s] INFO:colcon.colcon_core.shell:Creating prefix util module '/home/kol/Documents/ros2/Control/panda/install/_local_setup_util_ps1.py'
[14.771s] INFO:colcon.colcon_core.shell:Creating prefix chain script '/home/kol/Documents/ros2/Control/panda/install/setup.ps1'
[14.772s] INFO:colcon.colcon_core.shell:Creating prefix script '/home/kol/Documents/ros2/Control/panda/install/local_setup.sh'
[14.773s] INFO:colcon.colcon_core.shell:Creating prefix util module '/home/kol/Documents/ros2/Control/panda/install/_local_setup_util_sh.py'
[14.774s] INFO:colcon.colcon_core.shell:Creating prefix chain script '/home/kol/Documents/ros2/Control/panda/install/setup.sh'
[14.776s] INFO:colcon.colcon_core.shell:Creating prefix script '/home/kol/Documents/ros2/Control/panda/install/local_setup.bash'
[14.777s] INFO:colcon.colcon_core.shell:Creating prefix chain script '/home/kol/Documents/ros2/Control/panda/install/setup.bash'
[14.778s] INFO:colcon.colcon_core.shell:Creating prefix script '/home/kol/Documents/ros2/Control/panda/install/local_setup.zsh'
[14.779s] INFO:colcon.colcon_core.shell:Creating prefix chain script '/home/kol/Documents/ros2/Control/panda/install/setup.zsh'
