[0.014s] Invoking command in '/home/kol/Documents/ros2/Control/panda/build/panda_description': CMAKE_PREFIX_PATH=/opt/ros/humble /usr/bin/cmake --build /home/kol/Documents/ros2/Control/panda/build/panda_description -- -j4 -l4
[0.069s] Invoked command in '/home/kol/Documents/ros2/Control/panda/build/panda_description' returned '0': CMAKE_PREFIX_PATH=/opt/ros/humble /usr/bin/cmake --build /home/kol/Documents/ros2/Control/panda/build/panda_description -- -j4 -l4
[0.083s] Invoking command in '/home/kol/Documents/ros2/Control/panda/build/panda_description': CMAKE_PREFIX_PATH=/opt/ros/humble /usr/bin/cmake --install /home/kol/Documents/ros2/Control/panda/build/panda_description
[0.093s] -- Install configuration: ""
[0.094s] -- Up-to-date: /home/kol/Documents/ros2/Control/panda/install/panda_description/share/ament_index/resource_index/package_run_dependencies/panda_description
[0.094s] -- Up-to-date: /home/kol/Documents/ros2/Control/panda/install/panda_description/share/ament_index/resource_index/parent_prefix_path/panda_description
[0.094s] -- Up-to-date: /home/kol/Documents/ros2/Control/panda/install/panda_description/share/panda_description/environment/ament_prefix_path.sh
[0.094s] -- Up-to-date: /home/kol/Documents/ros2/Control/panda/install/panda_description/share/panda_description/environment/ament_prefix_path.dsv
[0.094s] -- Up-to-date: /home/kol/Documents/ros2/Control/panda/install/panda_description/share/panda_description/environment/path.sh
[0.094s] -- Up-to-date: /home/kol/Documents/ros2/Control/panda/install/panda_description/share/panda_description/environment/path.dsv
[0.095s] -- Up-to-date: /home/kol/Documents/ros2/Control/panda/install/panda_description/share/panda_description/local_setup.bash
[0.095s] -- Up-to-date: /home/kol/Documents/ros2/Control/panda/install/panda_description/share/panda_description/local_setup.sh
[0.095s] -- Up-to-date: /home/kol/Documents/ros2/Control/panda/install/panda_description/share/panda_description/local_setup.zsh
[0.095s] -- Up-to-date: /home/kol/Documents/ros2/Control/panda/install/panda_description/share/panda_description/local_setup.dsv
[0.095s] -- Installing: /home/kol/Documents/ros2/Control/panda/install/panda_description/share/panda_description/package.dsv
[0.095s] -- Up-to-date: /home/kol/Documents/ros2/Control/panda/install/panda_description/share/ament_index/resource_index/packages/panda_description
[0.096s] -- Up-to-date: /home/kol/Documents/ros2/Control/panda/install/panda_description/share/panda_description/cmake/panda_descriptionConfig.cmake
[0.096s] -- Up-to-date: /home/kol/Documents/ros2/Control/panda/install/panda_description/share/panda_description/cmake/panda_descriptionConfig-version.cmake
[0.096s] -- Up-to-date: /home/kol/Documents/ros2/Control/panda/install/panda_description/share/panda_description/package.xml
[0.096s] -- Up-to-date: /home/kol/Documents/ros2/Control/panda/install/panda_description/share/panda_description/meshes
[0.096s] -- Up-to-date: /home/kol/Documents/ros2/Control/panda/install/panda_description/share/panda_description/meshes/collision
[0.096s] -- Up-to-date: /home/kol/Documents/ros2/Control/panda/install/panda_description/share/panda_description/meshes/collision/hand.stl
[0.097s] -- Up-to-date: /home/kol/Documents/ros2/Control/panda/install/panda_description/share/panda_description/meshes/collision/link5.stl
[0.097s] -- Up-to-date: /home/kol/Documents/ros2/Control/panda/install/panda_description/share/panda_description/meshes/collision/link4.stl
[0.097s] -- Up-to-date: /home/kol/Documents/ros2/Control/panda/install/panda_description/share/panda_description/meshes/collision/link3.stl
[0.097s] -- Up-to-date: /home/kol/Documents/ros2/Control/panda/install/panda_description/share/panda_description/meshes/collision/finger.stl
[0.097s] -- Up-to-date: /home/kol/Documents/ros2/Control/panda/install/panda_description/share/panda_description/meshes/collision/link0.stl
[0.097s] -- Up-to-date: /home/kol/Documents/ros2/Control/panda/install/panda_description/share/panda_description/meshes/collision/link6.stl
[0.097s] -- Up-to-date: /home/kol/Documents/ros2/Control/panda/install/panda_description/share/panda_description/meshes/collision/link2.stl
[0.097s] -- Up-to-date: /home/kol/Documents/ros2/Control/panda/install/panda_description/share/panda_description/meshes/collision/link1.stl
[0.097s] -- Up-to-date: /home/kol/Documents/ros2/Control/panda/install/panda_description/share/panda_description/meshes/collision/link7.stl
[0.098s] -- Up-to-date: /home/kol/Documents/ros2/Control/panda/install/panda_description/share/panda_description/meshes/visual
[0.098s] -- Up-to-date: /home/kol/Documents/ros2/Control/panda/install/panda_description/share/panda_description/meshes/visual/link3.dae
[0.098s] -- Up-to-date: /home/kol/Documents/ros2/Control/panda/install/panda_description/share/panda_description/meshes/visual/link2.dae
[0.098s] -- Up-to-date: /home/kol/Documents/ros2/Control/panda/install/panda_description/share/panda_description/meshes/visual/hand.dae
[0.098s] -- Up-to-date: /home/kol/Documents/ros2/Control/panda/install/panda_description/share/panda_description/meshes/visual/link4.dae
[0.098s] -- Up-to-date: /home/kol/Documents/ros2/Control/panda/install/panda_description/share/panda_description/meshes/visual/link0.dae
[0.098s] -- Up-to-date: /home/kol/Documents/ros2/Control/panda/install/panda_description/share/panda_description/meshes/visual/link6.dae
[0.099s] -- Up-to-date: /home/kol/Documents/ros2/Control/panda/install/panda_description/share/panda_description/meshes/visual/finger.dae
[0.100s] -- Up-to-date: /home/kol/Documents/ros2/Control/panda/install/panda_description/share/panda_description/meshes/visual/link5.dae
[0.100s] -- Up-to-date: /home/kol/Documents/ros2/Control/panda/install/panda_description/share/panda_description/meshes/visual/link7.dae
[0.100s] -- Up-to-date: /home/kol/Documents/ros2/Control/panda/install/panda_description/share/panda_description/meshes/visual/link1.dae
[0.101s] -- Up-to-date: /home/kol/Documents/ros2/Control/panda/install/panda_description/share/panda_description/urdf
[0.101s] -- Installing: /home/kol/Documents/ros2/Control/panda/install/panda_description/share/panda_description/urdf/ros2_control.xacro
[0.101s] -- Up-to-date: /home/kol/Documents/ros2/Control/panda/install/panda_description/share/panda_description/urdf/panda.urdf.xacro
[0.101s] -- Up-to-date: /home/kol/Documents/ros2/Control/panda/install/panda_description/share/panda_description/urdf/panda.urdf
[0.101s] -- Up-to-date: /home/kol/Documents/ros2/Control/panda/install/panda_description/share/panda_description/urdf/panda_desc.urdf.xacro
[0.101s] -- Up-to-date: /home/kol/Documents/ros2/Control/panda/install/panda_description/share/panda_description/urdf/panda.gazebo
[0.102s] -- Up-to-date: /home/kol/Documents/ros2/Control/panda/install/panda_description/share/panda_description/launch
[0.102s] -- Up-to-date: /home/kol/Documents/ros2/Control/panda/install/panda_description/share/panda_description/launch/display.launch.py
[0.102s] -- Up-to-date: /home/kol/Documents/ros2/Control/panda/install/panda_description/share/panda_description/launch/gazebo.launch.py
[0.102s] -- Up-to-date: /home/kol/Documents/ros2/Control/panda/install/panda_description/share/panda_description/config
[0.102s] -- Installing: /home/kol/Documents/ros2/Control/panda/install/panda_description/share/panda_description/config/my_controllers.yaml
[0.102s] Invoked command in '/home/kol/Documents/ros2/Control/panda/build/panda_description' returned '0': CMAKE_PREFIX_PATH=/opt/ros/humble /usr/bin/cmake --install /home/kol/Documents/ros2/Control/panda/build/panda_description
