[0.018s] Invoking command in '/home/kol/Documents/ros2/Control/panda/build/moveit_control': CMAKE_PREFIX_PATH=${CMAKE_PREFIX_PATH}:/opt/ros/humble /usr/bin/cmake /home/kol/Documents/ros2/Control/panda/src/moveit_control -DCMAKE_INSTALL_PREFIX=/home/kol/Documents/ros2/Control/panda/install/moveit_control
[0.094s] -- The C compiler identification is GNU 11.4.0
[0.202s] -- The CXX compiler identification is GNU 11.4.0
[0.219s] -- Detecting C compiler ABI info
[0.323s] -- Detecting C compiler ABI info - done
[0.334s] -- Check for working C compiler: /usr/bin/cc - skipped
[0.335s] -- Detecting C compile features
[0.335s] -- Detecting C compile features - done
[0.339s] -- Detecting CXX compiler ABI info
[0.440s] -- Detecting CXX compiler ABI info - done
[0.450s] -- Check for working CXX compiler: /usr/bin/c++ - skipped
[0.450s] -- Detecting CXX compile features
[0.450s] -- Detecting CXX compile features - done
[0.454s] -- Found ament_cmake: 1.3.12 (/opt/ros/humble/share/ament_cmake/cmake)
[0.697s] -- Found Python3: /usr/bin/python3 (found version "3.10.12") found components: Interpreter 
[0.817s] -- Found moveit_ros_planning_interface: 2.5.9 (/opt/ros/humble/share/moveit_ros_planning_interface/cmake)
[1.045s] -- Found Boost: /usr/lib/x86_64-linux-gnu/cmake/Boost-1.74.0/BoostConfig.cmake (found version "1.74.0") found components: date_time filesystem program_options system thread 
[1.105s] -- Found rosidl_generator_c: 3.1.7 (/opt/ros/humble/share/rosidl_generator_c/cmake)
[1.113s] -- Found rosidl_adapter: 3.1.7 (/opt/ros/humble/share/rosidl_adapter/cmake)
[1.127s] -- Found rosidl_generator_cpp: 3.1.7 (/opt/ros/humble/share/rosidl_generator_cpp/cmake)
[1.152s] -- Using all available rosidl_typesupport_c: rosidl_typesupport_fastrtps_c;rosidl_typesupport_introspection_c
[1.174s] -- Using all available rosidl_typesupport_cpp: rosidl_typesupport_fastrtps_cpp;rosidl_typesupport_introspection_cpp
[1.449s] -- Found Boost: /usr/lib/x86_64-linux-gnu/cmake/Boost-1.74.0/BoostConfig.cmake (found version "1.74.0") found components: chrono date_time filesystem iostreams program_options regex serialization system thread 
[1.513s] -- Found parameter_traits: 0.5.0 (/opt/ros/humble/share/parameter_traits/cmake)
[1.571s] -- Found rmw_implementation_cmake: 6.1.2 (/opt/ros/humble/share/rmw_implementation_cmake/cmake)
[1.575s] -- Found rmw_fastrtps_cpp: 6.2.8 (/opt/ros/humble/share/rmw_fastrtps_cpp/cmake)
[1.691s] -- Found OpenSSL: /usr/lib/x86_64-linux-gnu/libcrypto.so (found version "3.0.2")  
[1.724s] -- Found FastRTPS: /opt/ros/humble/include  
[1.782s] -- Using RMW implementation 'rmw_fastrtps_cpp' as default
[1.796s] -- Found Threads: TRUE  
[1.862s] -- Found rclcpp_lifecycle: 16.0.14 (/opt/ros/humble/share/rclcpp_lifecycle/cmake)
[1.894s] -- Found Boost: /usr/lib/x86_64-linux-gnu/cmake/Boost-1.74.0/BoostConfig.cmake (found version "1.74.0") found components: filesystem 
[2.009s] -- library: /usr/lib/x86_64-linux-gnu/libcurl.so
[2.060s] -- Found Eigen3: TRUE (found version "3.4.0") 
[2.060s] -- Ensuring Eigen3 include directory is part of orocos-kdl CMake target
[2.249s] -- Found Boost: /usr/lib/x86_64-linux-gnu/cmake/Boost-1.74.0/BoostConfig.cmake (found version "1.74.0") found components: system filesystem date_time program_options thread chrono 
[2.292s] -- Found Boost: /usr/lib/x86_64-linux-gnu/cmake/Boost-1.74.0/BoostConfig.cmake (found version "1.74.0") found components: thread system filesystem regex date_time program_options 
[2.323s] -- Found Boost: /usr/lib/x86_64-linux-gnu/cmake/Boost-1.74.0/BoostConfig.cmake (found version "1.74.0") found components: system filesystem date_time program_options thread 
[2.367s] -- Found ament_lint_auto: 0.12.14 (/opt/ros/humble/share/ament_lint_auto/cmake)
[2.476s] -- Added test 'cppcheck' to perform static code analysis on C / C++ code
[2.477s] -- Configured cppcheck include dirs: 
[2.477s] -- Configured cppcheck exclude dirs and/or files: 
[2.478s] -- Added test 'lint_cmake' to check CMake code style
[2.479s] -- Added test 'uncrustify' to check C / C++ code style
[2.479s] -- Configured uncrustify additional arguments: 
[2.480s] -- Added test 'xmllint' to check XML markup files
[2.481s] -- Configuring done
[2.535s] -- Generating done
[2.551s] -- Build files have been written to: /home/kol/Documents/ros2/Control/panda/build/moveit_control
[2.569s] Invoked command in '/home/kol/Documents/ros2/Control/panda/build/moveit_control' returned '0': CMAKE_PREFIX_PATH=${CMAKE_PREFIX_PATH}:/opt/ros/humble /usr/bin/cmake /home/kol/Documents/ros2/Control/panda/src/moveit_control -DCMAKE_INSTALL_PREFIX=/home/kol/Documents/ros2/Control/panda/install/moveit_control
[2.571s] Invoking command in '/home/kol/Documents/ros2/Control/panda/build/moveit_control': CMAKE_PREFIX_PATH=${CMAKE_PREFIX_PATH}:/opt/ros/humble /usr/bin/cmake --build /home/kol/Documents/ros2/Control/panda/build/moveit_control -- -j4 -l4
[2.642s] [ 25%] [32mBuilding CXX object CMakeFiles/welder_cont.dir/src/WelderArmPlanner.cpp.o[0m
[2.643s] [ 50%] [32mBuilding CXX object CMakeFiles/hello_mvt.dir/src/hello_moveit.cpp.o[0m
[13.394s] [ 75%] [32m[1mLinking CXX executable hello_mvt[0m
[13.575s] [100%] [32m[1mLinking CXX executable welder_cont[0m
[13.829s] [100%] Built target hello_mvt
[14.059s] [100%] Built target welder_cont
[14.080s] Invoked command in '/home/kol/Documents/ros2/Control/panda/build/moveit_control' returned '0': CMAKE_PREFIX_PATH=${CMAKE_PREFIX_PATH}:/opt/ros/humble /usr/bin/cmake --build /home/kol/Documents/ros2/Control/panda/build/moveit_control -- -j4 -l4
[14.082s] Invoking command in '/home/kol/Documents/ros2/Control/panda/build/moveit_control': CMAKE_PREFIX_PATH=${CMAKE_PREFIX_PATH}:/opt/ros/humble /usr/bin/cmake --install /home/kol/Documents/ros2/Control/panda/build/moveit_control
[14.095s] -- Install configuration: ""
[14.096s] -- Installing: /home/kol/Documents/ros2/Control/panda/install/moveit_control/lib/moveit_control/hello_mvt
[14.097s] -- Set runtime path of "/home/kol/Documents/ros2/Control/panda/install/moveit_control/lib/moveit_control/hello_mvt" to ""
[14.097s] -- Installing: /home/kol/Documents/ros2/Control/panda/install/moveit_control/lib/moveit_control/welder_cont
[14.098s] -- Set runtime path of "/home/kol/Documents/ros2/Control/panda/install/moveit_control/lib/moveit_control/welder_cont" to ""
[14.098s] -- Installing: /home/kol/Documents/ros2/Control/panda/install/moveit_control/share/ament_index/resource_index/package_run_dependencies/moveit_control
[14.099s] -- Installing: /home/kol/Documents/ros2/Control/panda/install/moveit_control/share/ament_index/resource_index/parent_prefix_path/moveit_control
[14.099s] -- Installing: /home/kol/Documents/ros2/Control/panda/install/moveit_control/share/moveit_control/environment/ament_prefix_path.sh
[14.100s] -- Installing: /home/kol/Documents/ros2/Control/panda/install/moveit_control/share/moveit_control/environment/ament_prefix_path.dsv
[14.100s] -- Installing: /home/kol/Documents/ros2/Control/panda/install/moveit_control/share/moveit_control/environment/path.sh
[14.100s] -- Installing: /home/kol/Documents/ros2/Control/panda/install/moveit_control/share/moveit_control/environment/path.dsv
[14.101s] -- Installing: /home/kol/Documents/ros2/Control/panda/install/moveit_control/share/moveit_control/local_setup.bash
[14.101s] -- Installing: /home/kol/Documents/ros2/Control/panda/install/moveit_control/share/moveit_control/local_setup.sh
[14.101s] -- Installing: /home/kol/Documents/ros2/Control/panda/install/moveit_control/share/moveit_control/local_setup.zsh
[14.101s] -- Installing: /home/kol/Documents/ros2/Control/panda/install/moveit_control/share/moveit_control/local_setup.dsv
[14.102s] -- Installing: /home/kol/Documents/ros2/Control/panda/install/moveit_control/share/moveit_control/package.dsv
[14.102s] -- Installing: /home/kol/Documents/ros2/Control/panda/install/moveit_control/share/ament_index/resource_index/packages/moveit_control
[14.103s] -- Installing: /home/kol/Documents/ros2/Control/panda/install/moveit_control/share/moveit_control/cmake/moveit_controlConfig.cmake
[14.103s] -- Installing: /home/kol/Documents/ros2/Control/panda/install/moveit_control/share/moveit_control/cmake/moveit_controlConfig-version.cmake
[14.103s] -- Installing: /home/kol/Documents/ros2/Control/panda/install/moveit_control/share/moveit_control/package.xml
[14.107s] Invoked command in '/home/kol/Documents/ros2/Control/panda/build/moveit_control' returned '0': CMAKE_PREFIX_PATH=${CMAKE_PREFIX_PATH}:/opt/ros/humble /usr/bin/cmake --install /home/kol/Documents/ros2/Control/panda/build/moveit_control
