[0.165s] DEBUG:colcon:Command line arguments: ['/usr/bin/colcon', 'build']
[0.165s] DEBUG:colcon:Parsed command line arguments: Namespace(log_base=None, log_level=None, verb_name='build', build_base='build', install_base='install', merge_install=False, symlink_install=False, test_result_base=None, continue_on_error=False, executor='parallel', parallel_workers=4, event_handlers=None, ignore_user_meta=False, metas=['./colcon.meta'], base_paths=['.'], packages_ignore=None, packages_ignore_regex=None, paths=None, packages_up_to=None, packages_up_to_regex=None, packages_above=None, packages_above_and_dependencies=None, packages_above_depth=None, packages_select_by_dep=None, packages_skip_by_dep=None, packages_skip_up_to=None, packages_select_build_failed=False, packages_skip_build_finished=False, packages_select_test_failures=False, packages_skip_test_passed=False, packages_select=None, packages_skip=None, packages_select_regex=None, packages_skip_regex=None, packages_start=None, packages_end=None, allow_overriding=[], cmake_args=None, cmake_target=None, cmake_target_skip_unavailable=False, cmake_clean_cache=False, cmake_clean_first=False, cmake_force_configure=False, ament_cmake_args=None, catkin_cmake_args=None, catkin_skip_building_tests=False, mixin_files=None, mixin=None, verb_parser=<colcon_mixin.mixin.mixin_argument.MixinArgumentDecorator object at 0x70da73cd8430>, verb_extension=<colcon_core.verb.build.BuildVerb object at 0x70da73ca3df0>, main=<bound method BuildVerb.main of <colcon_core.verb.build.BuildVerb object at 0x70da73ca3df0>>, mixin_verb=('build',))
[0.495s] Level 1:colcon.colcon_core.package_discovery:discover_packages(colcon_meta) check parameters
[0.495s] Level 1:colcon.colcon_core.package_discovery:discover_packages(recursive) check parameters
[0.495s] Level 1:colcon.colcon_core.package_discovery:discover_packages(ignore) check parameters
[0.495s] Level 1:colcon.colcon_core.package_discovery:discover_packages(path) check parameters
[0.495s] Level 1:colcon.colcon_core.package_discovery:discover_packages(colcon_meta) discover
[0.495s] Level 1:colcon.colcon_core.package_discovery:discover_packages(recursive) discover
[0.495s] INFO:colcon.colcon_core.package_discovery:Crawling recursively for packages in '/home/kol/Documents/ros2/Control/panda'
[0.495s] Level 1:colcon.colcon_core.package_identification:_identify(.) by extensions ['ignore', 'ignore_ament_install']
[0.495s] Level 1:colcon.colcon_core.package_identification:_identify(.) by extension 'ignore'
[0.496s] Level 1:colcon.colcon_core.package_identification:_identify(.) by extension 'ignore_ament_install'
[0.496s] Level 1:colcon.colcon_core.package_identification:_identify(.) by extensions ['colcon_pkg']
[0.496s] Level 1:colcon.colcon_core.package_identification:_identify(.) by extension 'colcon_pkg'
[0.496s] Level 1:colcon.colcon_core.package_identification:_identify(.) by extensions ['colcon_meta']
[0.496s] Level 1:colcon.colcon_core.package_identification:_identify(.) by extension 'colcon_meta'
[0.496s] Level 1:colcon.colcon_core.package_identification:_identify(.) by extensions ['ros']
[0.496s] Level 1:colcon.colcon_core.package_identification:_identify(.) by extension 'ros'
[0.510s] Level 1:colcon.colcon_core.package_identification:_identify(.) by extensions ['cmake', 'python']
[0.510s] Level 1:colcon.colcon_core.package_identification:_identify(.) by extension 'cmake'
[0.510s] Level 1:colcon.colcon_core.package_identification:_identify(.) by extension 'python'
[0.510s] Level 1:colcon.colcon_core.package_identification:_identify(.) by extensions ['python_setup_py']
[0.510s] Level 1:colcon.colcon_core.package_identification:_identify(.) by extension 'python_setup_py'
[0.510s] Level 1:colcon.colcon_core.package_identification:_identify(build) by extensions ['ignore', 'ignore_ament_install']
[0.510s] Level 1:colcon.colcon_core.package_identification:_identify(build) by extension 'ignore'
[0.510s] Level 1:colcon.colcon_core.package_identification:_identify(build) ignored
[0.510s] Level 1:colcon.colcon_core.package_identification:_identify(install) by extensions ['ignore', 'ignore_ament_install']
[0.510s] Level 1:colcon.colcon_core.package_identification:_identify(install) by extension 'ignore'
[0.510s] Level 1:colcon.colcon_core.package_identification:_identify(install) ignored
[0.511s] Level 1:colcon.colcon_core.package_identification:_identify(log) by extensions ['ignore', 'ignore_ament_install']
[0.511s] Level 1:colcon.colcon_core.package_identification:_identify(log) by extension 'ignore'
[0.511s] Level 1:colcon.colcon_core.package_identification:_identify(log) ignored
[0.511s] Level 1:colcon.colcon_core.package_identification:_identify(src) by extensions ['ignore', 'ignore_ament_install']
[0.511s] Level 1:colcon.colcon_core.package_identification:_identify(src) by extension 'ignore'
[0.511s] Level 1:colcon.colcon_core.package_identification:_identify(src) by extension 'ignore_ament_install'
[0.511s] Level 1:colcon.colcon_core.package_identification:_identify(src) by extensions ['colcon_pkg']
[0.511s] Level 1:colcon.colcon_core.package_identification:_identify(src) by extension 'colcon_pkg'
[0.511s] Level 1:colcon.colcon_core.package_identification:_identify(src) by extensions ['colcon_meta']
[0.511s] Level 1:colcon.colcon_core.package_identification:_identify(src) by extension 'colcon_meta'
[0.511s] Level 1:colcon.colcon_core.package_identification:_identify(src) by extensions ['ros']
[0.511s] Level 1:colcon.colcon_core.package_identification:_identify(src) by extension 'ros'
[0.511s] Level 1:colcon.colcon_core.package_identification:_identify(src) by extensions ['cmake', 'python']
[0.511s] Level 1:colcon.colcon_core.package_identification:_identify(src) by extension 'cmake'
[0.511s] Level 1:colcon.colcon_core.package_identification:_identify(src) by extension 'python'
[0.511s] Level 1:colcon.colcon_core.package_identification:_identify(src) by extensions ['python_setup_py']
[0.512s] Level 1:colcon.colcon_core.package_identification:_identify(src) by extension 'python_setup_py'
[0.512s] Level 1:colcon.colcon_core.package_identification:_identify(src/panda_description) by extensions ['ignore', 'ignore_ament_install']
[0.512s] Level 1:colcon.colcon_core.package_identification:_identify(src/panda_description) by extension 'ignore'
[0.512s] Level 1:colcon.colcon_core.package_identification:_identify(src/panda_description) by extension 'ignore_ament_install'
[0.512s] Level 1:colcon.colcon_core.package_identification:_identify(src/panda_description) by extensions ['colcon_pkg']
[0.512s] Level 1:colcon.colcon_core.package_identification:_identify(src/panda_description) by extension 'colcon_pkg'
[0.512s] Level 1:colcon.colcon_core.package_identification:_identify(src/panda_description) by extensions ['colcon_meta']
[0.512s] Level 1:colcon.colcon_core.package_identification:_identify(src/panda_description) by extension 'colcon_meta'
[0.512s] Level 1:colcon.colcon_core.package_identification:_identify(src/panda_description) by extensions ['ros']
[0.512s] Level 1:colcon.colcon_core.package_identification:_identify(src/panda_description) by extension 'ros'
[0.515s] DEBUG:colcon.colcon_core.package_identification:Package 'src/panda_description' with type 'ros.ament_cmake' and name 'panda_description'
[0.515s] Level 1:colcon.colcon_core.package_identification:_identify(src/panda_moveit_config) by extensions ['ignore', 'ignore_ament_install']
[0.516s] Level 1:colcon.colcon_core.package_identification:_identify(src/panda_moveit_config) by extension 'ignore'
[0.516s] Level 1:colcon.colcon_core.package_identification:_identify(src/panda_moveit_config) by extension 'ignore_ament_install'
[0.516s] Level 1:colcon.colcon_core.package_identification:_identify(src/panda_moveit_config) by extensions ['colcon_pkg']
[0.516s] Level 1:colcon.colcon_core.package_identification:_identify(src/panda_moveit_config) by extension 'colcon_pkg'
[0.516s] Level 1:colcon.colcon_core.package_identification:_identify(src/panda_moveit_config) by extensions ['colcon_meta']
[0.516s] Level 1:colcon.colcon_core.package_identification:_identify(src/panda_moveit_config) by extension 'colcon_meta'
[0.516s] Level 1:colcon.colcon_core.package_identification:_identify(src/panda_moveit_config) by extensions ['ros']
[0.516s] Level 1:colcon.colcon_core.package_identification:_identify(src/panda_moveit_config) by extension 'ros'
[0.517s] DEBUG:colcon.colcon_core.package_identification:Package 'src/panda_moveit_config' with type 'ros.ament_cmake' and name 'panda_moveit_config'
[0.517s] Level 1:colcon.colcon_core.package_discovery:discover_packages(recursive) using defaults
[0.517s] Level 1:colcon.colcon_core.package_discovery:discover_packages(ignore) discover
[0.517s] Level 1:colcon.colcon_core.package_discovery:discover_packages(ignore) using defaults
[0.517s] Level 1:colcon.colcon_core.package_discovery:discover_packages(path) discover
[0.517s] Level 1:colcon.colcon_core.package_discovery:discover_packages(path) using defaults
[0.542s] Level 1:colcon.colcon_core.package_discovery:discover_packages(prefix_path) check parameters
[0.542s] Level 1:colcon.colcon_core.package_discovery:discover_packages(prefix_path) discover
[0.544s] DEBUG:colcon.colcon_installed_package_information.package_discovery:Found 2 installed packages in /home/kol/Documents/ros2/Control/panda/install
[0.546s] DEBUG:colcon.colcon_installed_package_information.package_discovery:Found 384 installed packages in /opt/ros/humble
[0.548s] Level 1:colcon.colcon_core.package_discovery:discover_packages(prefix_path) using defaults
[0.626s] Level 5:colcon.colcon_core.verb:set package 'panda_description' build argument 'cmake_args' from command line to 'None'
[0.626s] Level 5:colcon.colcon_core.verb:set package 'panda_description' build argument 'cmake_target' from command line to 'None'
[0.626s] Level 5:colcon.colcon_core.verb:set package 'panda_description' build argument 'cmake_target_skip_unavailable' from command line to 'False'
[0.626s] Level 5:colcon.colcon_core.verb:set package 'panda_description' build argument 'cmake_clean_cache' from command line to 'False'
[0.626s] Level 5:colcon.colcon_core.verb:set package 'panda_description' build argument 'cmake_clean_first' from command line to 'False'
[0.626s] Level 5:colcon.colcon_core.verb:set package 'panda_description' build argument 'cmake_force_configure' from command line to 'False'
[0.626s] Level 5:colcon.colcon_core.verb:set package 'panda_description' build argument 'ament_cmake_args' from command line to 'None'
[0.626s] Level 5:colcon.colcon_core.verb:set package 'panda_description' build argument 'catkin_cmake_args' from command line to 'None'
[0.626s] Level 5:colcon.colcon_core.verb:set package 'panda_description' build argument 'catkin_skip_building_tests' from command line to 'False'
[0.627s] DEBUG:colcon.colcon_core.verb:Building package 'panda_description' with the following arguments: {'ament_cmake_args': None, 'build_base': '/home/kol/Documents/ros2/Control/panda/build/panda_description', 'catkin_cmake_args': None, 'catkin_skip_building_tests': False, 'cmake_args': None, 'cmake_clean_cache': False, 'cmake_clean_first': False, 'cmake_force_configure': False, 'cmake_target': None, 'cmake_target_skip_unavailable': False, 'install_base': '/home/kol/Documents/ros2/Control/panda/install/panda_description', 'merge_install': False, 'path': '/home/kol/Documents/ros2/Control/panda/src/panda_description', 'symlink_install': False, 'test_result_base': None}
[0.627s] Level 5:colcon.colcon_core.verb:set package 'panda_moveit_config' build argument 'cmake_args' from command line to 'None'
[0.627s] Level 5:colcon.colcon_core.verb:set package 'panda_moveit_config' build argument 'cmake_target' from command line to 'None'
[0.627s] Level 5:colcon.colcon_core.verb:set package 'panda_moveit_config' build argument 'cmake_target_skip_unavailable' from command line to 'False'
[0.627s] Level 5:colcon.colcon_core.verb:set package 'panda_moveit_config' build argument 'cmake_clean_cache' from command line to 'False'
[0.627s] Level 5:colcon.colcon_core.verb:set package 'panda_moveit_config' build argument 'cmake_clean_first' from command line to 'False'
[0.627s] Level 5:colcon.colcon_core.verb:set package 'panda_moveit_config' build argument 'cmake_force_configure' from command line to 'False'
[0.627s] Level 5:colcon.colcon_core.verb:set package 'panda_moveit_config' build argument 'ament_cmake_args' from command line to 'None'
[0.627s] Level 5:colcon.colcon_core.verb:set package 'panda_moveit_config' build argument 'catkin_cmake_args' from command line to 'None'
[0.627s] Level 5:colcon.colcon_core.verb:set package 'panda_moveit_config' build argument 'catkin_skip_building_tests' from command line to 'False'
[0.627s] DEBUG:colcon.colcon_core.verb:Building package 'panda_moveit_config' with the following arguments: {'ament_cmake_args': None, 'build_base': '/home/kol/Documents/ros2/Control/panda/build/panda_moveit_config', 'catkin_cmake_args': None, 'catkin_skip_building_tests': False, 'cmake_args': None, 'cmake_clean_cache': False, 'cmake_clean_first': False, 'cmake_force_configure': False, 'cmake_target': None, 'cmake_target_skip_unavailable': False, 'install_base': '/home/kol/Documents/ros2/Control/panda/install/panda_moveit_config', 'merge_install': False, 'path': '/home/kol/Documents/ros2/Control/panda/src/panda_moveit_config', 'symlink_install': False, 'test_result_base': None}
[0.627s] INFO:colcon.colcon_core.executor:Executing jobs using 'parallel' executor
[0.629s] DEBUG:colcon.colcon_parallel_executor.executor.parallel:run_until_complete
[0.629s] INFO:colcon.colcon_ros.task.ament_cmake.build:Building ROS package in '/home/kol/Documents/ros2/Control/panda/src/panda_description' with build type 'ament_cmake'
[0.629s] INFO:colcon.colcon_cmake.task.cmake.build:Building CMake package in '/home/kol/Documents/ros2/Control/panda/src/panda_description'
[0.631s] INFO:colcon.colcon_core.plugin_system:Skipping extension 'colcon_core.shell.bat': Not used on non-Windows systems
[0.631s] INFO:colcon.colcon_core.shell:Skip shell extension 'powershell' for command environment: Not usable outside of PowerShell
[0.632s] DEBUG:colcon.colcon_core.shell:Skip shell extension 'dsv' for command environment
[0.644s] DEBUG:colcon.colcon_core.event_handler.log_command:Invoking command in '/home/kol/Documents/ros2/Control/panda/build/panda_description': CMAKE_PREFIX_PATH=${CMAKE_PREFIX_PATH}:/opt/ros/humble /usr/bin/cmake --build /home/kol/Documents/ros2/Control/panda/build/panda_description -- -j4 -l4
[0.692s] DEBUG:colcon.colcon_core.event_handler.log_command:Invoked command in '/home/kol/Documents/ros2/Control/panda/build/panda_description' returned '0': CMAKE_PREFIX_PATH=${CMAKE_PREFIX_PATH}:/opt/ros/humble /usr/bin/cmake --build /home/kol/Documents/ros2/Control/panda/build/panda_description -- -j4 -l4
[0.704s] DEBUG:colcon.colcon_core.event_handler.log_command:Invoking command in '/home/kol/Documents/ros2/Control/panda/build/panda_description': CMAKE_PREFIX_PATH=${CMAKE_PREFIX_PATH}:/opt/ros/humble /usr/bin/cmake --install /home/kol/Documents/ros2/Control/panda/build/panda_description
[0.720s] Level 1:colcon.colcon_core.environment:create_environment_scripts_only(panda_description)
[0.723s] DEBUG:colcon.colcon_core.event_handler.log_command:Invoked command in '/home/kol/Documents/ros2/Control/panda/build/panda_description' returned '0': CMAKE_PREFIX_PATH=${CMAKE_PREFIX_PATH}:/opt/ros/humble /usr/bin/cmake --install /home/kol/Documents/ros2/Control/panda/build/panda_description
[0.727s] Level 1:colcon.colcon_core.environment:checking '/home/kol/Documents/ros2/Control/panda/install/panda_description' for CMake module files
[0.727s] Level 1:colcon.colcon_core.environment:checking '/home/kol/Documents/ros2/Control/panda/install/panda_description' for CMake config files
[0.728s] Level 1:colcon.colcon_core.shell:create_environment_hook('panda_description', 'cmake_prefix_path')
[0.728s] INFO:colcon.colcon_core.shell:Creating environment hook '/home/kol/Documents/ros2/Control/panda/install/panda_description/share/panda_description/hook/cmake_prefix_path.ps1'
[0.729s] INFO:colcon.colcon_core.shell:Creating environment descriptor '/home/kol/Documents/ros2/Control/panda/install/panda_description/share/panda_description/hook/cmake_prefix_path.dsv'
[0.730s] INFO:colcon.colcon_core.shell:Creating environment hook '/home/kol/Documents/ros2/Control/panda/install/panda_description/share/panda_description/hook/cmake_prefix_path.sh'
[0.731s] Level 1:colcon.colcon_core.environment:checking '/home/kol/Documents/ros2/Control/panda/install/panda_description/bin'
[0.731s] Level 1:colcon.colcon_core.environment:checking '/home/kol/Documents/ros2/Control/panda/install/panda_description/lib/pkgconfig/panda_description.pc'
[0.731s] Level 1:colcon.colcon_core.environment:checking '/home/kol/Documents/ros2/Control/panda/install/panda_description/lib/python3.10/site-packages'
[0.731s] Level 1:colcon.colcon_core.environment:checking '/home/kol/Documents/ros2/Control/panda/install/panda_description/bin'
[0.732s] INFO:colcon.colcon_core.shell:Creating package script '/home/kol/Documents/ros2/Control/panda/install/panda_description/share/panda_description/package.ps1'
[0.733s] INFO:colcon.colcon_core.shell:Creating package descriptor '/home/kol/Documents/ros2/Control/panda/install/panda_description/share/panda_description/package.dsv'
[0.733s] INFO:colcon.colcon_core.shell:Creating package script '/home/kol/Documents/ros2/Control/panda/install/panda_description/share/panda_description/package.sh'
[0.734s] INFO:colcon.colcon_core.shell:Creating package script '/home/kol/Documents/ros2/Control/panda/install/panda_description/share/panda_description/package.bash'
[0.735s] INFO:colcon.colcon_core.shell:Creating package script '/home/kol/Documents/ros2/Control/panda/install/panda_description/share/panda_description/package.zsh'
[0.736s] Level 1:colcon.colcon_core.environment:create_file_with_runtime_dependencies(/home/kol/Documents/ros2/Control/panda/install/panda_description/share/colcon-core/packages/panda_description)
[0.737s] Level 1:colcon.colcon_core.environment:create_environment_scripts_only(panda_description)
[0.737s] Level 1:colcon.colcon_core.environment:checking '/home/kol/Documents/ros2/Control/panda/install/panda_description' for CMake module files
[0.737s] Level 1:colcon.colcon_core.environment:checking '/home/kol/Documents/ros2/Control/panda/install/panda_description' for CMake config files
[0.738s] Level 1:colcon.colcon_core.shell:create_environment_hook('panda_description', 'cmake_prefix_path')
[0.738s] INFO:colcon.colcon_core.shell:Creating environment hook '/home/kol/Documents/ros2/Control/panda/install/panda_description/share/panda_description/hook/cmake_prefix_path.ps1'
[0.738s] INFO:colcon.colcon_core.shell:Creating environment descriptor '/home/kol/Documents/ros2/Control/panda/install/panda_description/share/panda_description/hook/cmake_prefix_path.dsv'
[0.739s] INFO:colcon.colcon_core.shell:Creating environment hook '/home/kol/Documents/ros2/Control/panda/install/panda_description/share/panda_description/hook/cmake_prefix_path.sh'
[0.740s] Level 1:colcon.colcon_core.environment:checking '/home/kol/Documents/ros2/Control/panda/install/panda_description/bin'
[0.740s] Level 1:colcon.colcon_core.environment:checking '/home/kol/Documents/ros2/Control/panda/install/panda_description/lib/pkgconfig/panda_description.pc'
[0.740s] Level 1:colcon.colcon_core.environment:checking '/home/kol/Documents/ros2/Control/panda/install/panda_description/lib/python3.10/site-packages'
[0.740s] Level 1:colcon.colcon_core.environment:checking '/home/kol/Documents/ros2/Control/panda/install/panda_description/bin'
[0.741s] INFO:colcon.colcon_core.shell:Creating package script '/home/kol/Documents/ros2/Control/panda/install/panda_description/share/panda_description/package.ps1'
[0.742s] INFO:colcon.colcon_core.shell:Creating package descriptor '/home/kol/Documents/ros2/Control/panda/install/panda_description/share/panda_description/package.dsv'
[0.742s] INFO:colcon.colcon_core.shell:Creating package script '/home/kol/Documents/ros2/Control/panda/install/panda_description/share/panda_description/package.sh'
[0.743s] INFO:colcon.colcon_core.shell:Creating package script '/home/kol/Documents/ros2/Control/panda/install/panda_description/share/panda_description/package.bash'
[0.743s] INFO:colcon.colcon_core.shell:Creating package script '/home/kol/Documents/ros2/Control/panda/install/panda_description/share/panda_description/package.zsh'
[0.744s] Level 1:colcon.colcon_core.environment:create_file_with_runtime_dependencies(/home/kol/Documents/ros2/Control/panda/install/panda_description/share/colcon-core/packages/panda_description)
[0.744s] INFO:colcon.colcon_ros.task.ament_cmake.build:Building ROS package in '/home/kol/Documents/ros2/Control/panda/src/panda_moveit_config' with build type 'ament_cmake'
[0.744s] INFO:colcon.colcon_cmake.task.cmake.build:Building CMake package in '/home/kol/Documents/ros2/Control/panda/src/panda_moveit_config'
[0.745s] INFO:colcon.colcon_core.shell:Skip shell extension 'powershell' for command environment: Not usable outside of PowerShell
[0.745s] DEBUG:colcon.colcon_core.shell:Skip shell extension 'dsv' for command environment
[0.760s] DEBUG:colcon.colcon_core.event_handler.log_command:Invoking command in '/home/kol/Documents/ros2/Control/panda/build/panda_moveit_config': CMAKE_PREFIX_PATH=/home/kol/Documents/ros2/Control/panda/install/panda_description:/home/kol/Documents/ros2/Control/panda/install/panda_moveit_config:/opt/ros/humble /usr/bin/cmake --build /home/kol/Documents/ros2/Control/panda/build/panda_moveit_config -- -j4 -l4
[0.806s] DEBUG:colcon.colcon_core.event_handler.log_command:Invoked command in '/home/kol/Documents/ros2/Control/panda/build/panda_moveit_config' returned '0': CMAKE_PREFIX_PATH=/home/kol/Documents/ros2/Control/panda/install/panda_description:/home/kol/Documents/ros2/Control/panda/install/panda_moveit_config:/opt/ros/humble /usr/bin/cmake --build /home/kol/Documents/ros2/Control/panda/build/panda_moveit_config -- -j4 -l4
[0.808s] DEBUG:colcon.colcon_core.event_handler.log_command:Invoking command in '/home/kol/Documents/ros2/Control/panda/build/panda_moveit_config': CMAKE_PREFIX_PATH=/home/kol/Documents/ros2/Control/panda/install/panda_description:/home/kol/Documents/ros2/Control/panda/install/panda_moveit_config:/opt/ros/humble /usr/bin/cmake --install /home/kol/Documents/ros2/Control/panda/build/panda_moveit_config
[0.826s] Level 1:colcon.colcon_core.environment:create_environment_scripts_only(panda_moveit_config)
[0.827s] Level 1:colcon.colcon_core.environment:checking '/home/kol/Documents/ros2/Control/panda/install/panda_moveit_config' for CMake module files
[0.828s] DEBUG:colcon.colcon_core.event_handler.log_command:Invoked command in '/home/kol/Documents/ros2/Control/panda/build/panda_moveit_config' returned '0': CMAKE_PREFIX_PATH=/home/kol/Documents/ros2/Control/panda/install/panda_description:/home/kol/Documents/ros2/Control/panda/install/panda_moveit_config:/opt/ros/humble /usr/bin/cmake --install /home/kol/Documents/ros2/Control/panda/build/panda_moveit_config
[0.830s] Level 1:colcon.colcon_core.environment:checking '/home/kol/Documents/ros2/Control/panda/install/panda_moveit_config' for CMake config files
[0.831s] Level 1:colcon.colcon_core.shell:create_environment_hook('panda_moveit_config', 'cmake_prefix_path')
[0.832s] INFO:colcon.colcon_core.shell:Creating environment hook '/home/kol/Documents/ros2/Control/panda/install/panda_moveit_config/share/panda_moveit_config/hook/cmake_prefix_path.ps1'
[0.832s] INFO:colcon.colcon_core.shell:Creating environment descriptor '/home/kol/Documents/ros2/Control/panda/install/panda_moveit_config/share/panda_moveit_config/hook/cmake_prefix_path.dsv'
[0.833s] INFO:colcon.colcon_core.shell:Creating environment hook '/home/kol/Documents/ros2/Control/panda/install/panda_moveit_config/share/panda_moveit_config/hook/cmake_prefix_path.sh'
[0.834s] Level 1:colcon.colcon_core.environment:checking '/home/kol/Documents/ros2/Control/panda/install/panda_moveit_config/bin'
[0.834s] Level 1:colcon.colcon_core.environment:checking '/home/kol/Documents/ros2/Control/panda/install/panda_moveit_config/lib/pkgconfig/panda_moveit_config.pc'
[0.834s] Level 1:colcon.colcon_core.environment:checking '/home/kol/Documents/ros2/Control/panda/install/panda_moveit_config/lib/python3.10/site-packages'
[0.834s] Level 1:colcon.colcon_core.environment:checking '/home/kol/Documents/ros2/Control/panda/install/panda_moveit_config/bin'
[0.835s] INFO:colcon.colcon_core.shell:Creating package script '/home/kol/Documents/ros2/Control/panda/install/panda_moveit_config/share/panda_moveit_config/package.ps1'
[0.835s] INFO:colcon.colcon_core.shell:Creating package descriptor '/home/kol/Documents/ros2/Control/panda/install/panda_moveit_config/share/panda_moveit_config/package.dsv'
[0.836s] INFO:colcon.colcon_core.shell:Creating package script '/home/kol/Documents/ros2/Control/panda/install/panda_moveit_config/share/panda_moveit_config/package.sh'
[0.836s] INFO:colcon.colcon_core.shell:Creating package script '/home/kol/Documents/ros2/Control/panda/install/panda_moveit_config/share/panda_moveit_config/package.bash'
[0.837s] INFO:colcon.colcon_core.shell:Creating package script '/home/kol/Documents/ros2/Control/panda/install/panda_moveit_config/share/panda_moveit_config/package.zsh'
[0.837s] Level 1:colcon.colcon_core.environment:create_file_with_runtime_dependencies(/home/kol/Documents/ros2/Control/panda/install/panda_moveit_config/share/colcon-core/packages/panda_moveit_config)
[0.838s] Level 1:colcon.colcon_core.environment:create_environment_scripts_only(panda_moveit_config)
[0.838s] Level 1:colcon.colcon_core.environment:checking '/home/kol/Documents/ros2/Control/panda/install/panda_moveit_config' for CMake module files
[0.839s] Level 1:colcon.colcon_core.environment:checking '/home/kol/Documents/ros2/Control/panda/install/panda_moveit_config' for CMake config files
[0.839s] Level 1:colcon.colcon_core.shell:create_environment_hook('panda_moveit_config', 'cmake_prefix_path')
[0.839s] INFO:colcon.colcon_core.shell:Creating environment hook '/home/kol/Documents/ros2/Control/panda/install/panda_moveit_config/share/panda_moveit_config/hook/cmake_prefix_path.ps1'
[0.840s] INFO:colcon.colcon_core.shell:Creating environment descriptor '/home/kol/Documents/ros2/Control/panda/install/panda_moveit_config/share/panda_moveit_config/hook/cmake_prefix_path.dsv'
[0.840s] INFO:colcon.colcon_core.shell:Creating environment hook '/home/kol/Documents/ros2/Control/panda/install/panda_moveit_config/share/panda_moveit_config/hook/cmake_prefix_path.sh'
[0.841s] Level 1:colcon.colcon_core.environment:checking '/home/kol/Documents/ros2/Control/panda/install/panda_moveit_config/bin'
[0.841s] Level 1:colcon.colcon_core.environment:checking '/home/kol/Documents/ros2/Control/panda/install/panda_moveit_config/lib/pkgconfig/panda_moveit_config.pc'
[0.842s] Level 1:colcon.colcon_core.environment:checking '/home/kol/Documents/ros2/Control/panda/install/panda_moveit_config/lib/python3.10/site-packages'
[0.842s] Level 1:colcon.colcon_core.environment:checking '/home/kol/Documents/ros2/Control/panda/install/panda_moveit_config/bin'
[0.842s] INFO:colcon.colcon_core.shell:Creating package script '/home/kol/Documents/ros2/Control/panda/install/panda_moveit_config/share/panda_moveit_config/package.ps1'
[0.843s] INFO:colcon.colcon_core.shell:Creating package descriptor '/home/kol/Documents/ros2/Control/panda/install/panda_moveit_config/share/panda_moveit_config/package.dsv'
[0.844s] INFO:colcon.colcon_core.shell:Creating package script '/home/kol/Documents/ros2/Control/panda/install/panda_moveit_config/share/panda_moveit_config/package.sh'
[0.844s] INFO:colcon.colcon_core.shell:Creating package script '/home/kol/Documents/ros2/Control/panda/install/panda_moveit_config/share/panda_moveit_config/package.bash'
[0.845s] INFO:colcon.colcon_core.shell:Creating package script '/home/kol/Documents/ros2/Control/panda/install/panda_moveit_config/share/panda_moveit_config/package.zsh'
[0.845s] Level 1:colcon.colcon_core.environment:create_file_with_runtime_dependencies(/home/kol/Documents/ros2/Control/panda/install/panda_moveit_config/share/colcon-core/packages/panda_moveit_config)
[0.845s] DEBUG:colcon.colcon_parallel_executor.executor.parallel:closing loop
[0.846s] DEBUG:colcon.colcon_parallel_executor.executor.parallel:loop closed
[0.846s] DEBUG:colcon.colcon_parallel_executor.executor.parallel:run_until_complete finished with '0'
[0.846s] DEBUG:colcon.colcon_core.event_reactor:joining thread
[0.854s] INFO:colcon.colcon_core.plugin_system:Skipping extension 'colcon_notification.desktop_notification.terminal_notifier': Not used on non-Darwin systems
[0.855s] INFO:colcon.colcon_core.plugin_system:Skipping extension 'colcon_notification.desktop_notification.win32': Not used on non-Windows systems
[0.855s] INFO:colcon.colcon_notification.desktop_notification:Sending desktop notification using 'notify2'
[0.899s] DEBUG:colcon.colcon_core.event_reactor:joined thread
[0.900s] INFO:colcon.colcon_core.shell:Creating prefix script '/home/kol/Documents/ros2/Control/panda/install/local_setup.ps1'
[0.903s] INFO:colcon.colcon_core.shell:Creating prefix util module '/home/kol/Documents/ros2/Control/panda/install/_local_setup_util_ps1.py'
[0.912s] INFO:colcon.colcon_core.shell:Creating prefix chain script '/home/kol/Documents/ros2/Control/panda/install/setup.ps1'
[0.917s] INFO:colcon.colcon_core.shell:Creating prefix script '/home/kol/Documents/ros2/Control/panda/install/local_setup.sh'
[0.919s] INFO:colcon.colcon_core.shell:Creating prefix util module '/home/kol/Documents/ros2/Control/panda/install/_local_setup_util_sh.py'
[0.921s] INFO:colcon.colcon_core.shell:Creating prefix chain script '/home/kol/Documents/ros2/Control/panda/install/setup.sh'
[0.928s] INFO:colcon.colcon_core.shell:Creating prefix script '/home/kol/Documents/ros2/Control/panda/install/local_setup.bash'
[0.929s] INFO:colcon.colcon_core.shell:Creating prefix chain script '/home/kol/Documents/ros2/Control/panda/install/setup.bash'
[0.934s] INFO:colcon.colcon_core.shell:Creating prefix script '/home/kol/Documents/ros2/Control/panda/install/local_setup.zsh'
[0.936s] INFO:colcon.colcon_core.shell:Creating prefix chain script '/home/kol/Documents/ros2/Control/panda/install/setup.zsh'
