[0.162s] DEBUG:colcon:Command line arguments: ['/usr/bin/colcon', 'build']
[0.162s] DEBUG:colcon:Parsed command line arguments: Namespace(log_base=None, log_level=None, verb_name='build', build_base='build', install_base='install', merge_install=False, symlink_install=False, test_result_base=None, continue_on_error=False, executor='parallel', parallel_workers=4, event_handlers=None, ignore_user_meta=False, metas=['./colcon.meta'], base_paths=['.'], packages_ignore=None, packages_ignore_regex=None, paths=None, packages_up_to=None, packages_up_to_regex=None, packages_above=None, packages_above_and_dependencies=None, packages_above_depth=None, packages_select_by_dep=None, packages_skip_by_dep=None, packages_skip_up_to=None, packages_select_build_failed=False, packages_skip_build_finished=False, packages_select_test_failures=False, packages_skip_test_passed=False, packages_select=None, packages_skip=None, packages_select_regex=None, packages_skip_regex=None, packages_start=None, packages_end=None, allow_overriding=[], cmake_args=None, cmake_target=None, cmake_target_skip_unavailable=False, cmake_clean_cache=False, cmake_clean_first=False, cmake_force_configure=False, ament_cmake_args=None, catkin_cmake_args=None, catkin_skip_building_tests=False, mixin_files=None, mixin=None, verb_parser=<colcon_mixin.mixin.mixin_argument.MixinArgumentDecorator object at 0x70e574ee4430>, verb_extension=<colcon_core.verb.build.BuildVerb object at 0x70e574eafdf0>, main=<bound method BuildVerb.main of <colcon_core.verb.build.BuildVerb object at 0x70e574eafdf0>>, mixin_verb=('build',))
[0.521s] Level 1:colcon.colcon_core.package_discovery:discover_packages(colcon_meta) check parameters
[0.521s] Level 1:colcon.colcon_core.package_discovery:discover_packages(recursive) check parameters
[0.521s] Level 1:colcon.colcon_core.package_discovery:discover_packages(ignore) check parameters
[0.521s] Level 1:colcon.colcon_core.package_discovery:discover_packages(path) check parameters
[0.521s] Level 1:colcon.colcon_core.package_discovery:discover_packages(colcon_meta) discover
[0.521s] Level 1:colcon.colcon_core.package_discovery:discover_packages(recursive) discover
[0.521s] INFO:colcon.colcon_core.package_discovery:Crawling recursively for packages in '/home/kol/Documents/ros2/Control/panda'
[0.521s] Level 1:colcon.colcon_core.package_identification:_identify(.) by extensions ['ignore', 'ignore_ament_install']
[0.521s] Level 1:colcon.colcon_core.package_identification:_identify(.) by extension 'ignore'
[0.522s] Level 1:colcon.colcon_core.package_identification:_identify(.) by extension 'ignore_ament_install'
[0.522s] Level 1:colcon.colcon_core.package_identification:_identify(.) by extensions ['colcon_pkg']
[0.522s] Level 1:colcon.colcon_core.package_identification:_identify(.) by extension 'colcon_pkg'
[0.522s] Level 1:colcon.colcon_core.package_identification:_identify(.) by extensions ['colcon_meta']
[0.522s] Level 1:colcon.colcon_core.package_identification:_identify(.) by extension 'colcon_meta'
[0.522s] Level 1:colcon.colcon_core.package_identification:_identify(.) by extensions ['ros']
[0.522s] Level 1:colcon.colcon_core.package_identification:_identify(.) by extension 'ros'
[0.536s] Level 1:colcon.colcon_core.package_identification:_identify(.) by extensions ['cmake', 'python']
[0.536s] Level 1:colcon.colcon_core.package_identification:_identify(.) by extension 'cmake'
[0.536s] Level 1:colcon.colcon_core.package_identification:_identify(.) by extension 'python'
[0.537s] Level 1:colcon.colcon_core.package_identification:_identify(.) by extensions ['python_setup_py']
[0.537s] Level 1:colcon.colcon_core.package_identification:_identify(.) by extension 'python_setup_py'
[0.537s] Level 1:colcon.colcon_core.package_identification:_identify(build) by extensions ['ignore', 'ignore_ament_install']
[0.537s] Level 1:colcon.colcon_core.package_identification:_identify(build) by extension 'ignore'
[0.537s] Level 1:colcon.colcon_core.package_identification:_identify(build) ignored
[0.537s] Level 1:colcon.colcon_core.package_identification:_identify(install) by extensions ['ignore', 'ignore_ament_install']
[0.537s] Level 1:colcon.colcon_core.package_identification:_identify(install) by extension 'ignore'
[0.537s] Level 1:colcon.colcon_core.package_identification:_identify(install) ignored
[0.538s] Level 1:colcon.colcon_core.package_identification:_identify(log) by extensions ['ignore', 'ignore_ament_install']
[0.538s] Level 1:colcon.colcon_core.package_identification:_identify(log) by extension 'ignore'
[0.538s] Level 1:colcon.colcon_core.package_identification:_identify(log) ignored
[0.538s] Level 1:colcon.colcon_core.package_identification:_identify(src) by extensions ['ignore', 'ignore_ament_install']
[0.538s] Level 1:colcon.colcon_core.package_identification:_identify(src) by extension 'ignore'
[0.538s] Level 1:colcon.colcon_core.package_identification:_identify(src) by extension 'ignore_ament_install'
[0.538s] Level 1:colcon.colcon_core.package_identification:_identify(src) by extensions ['colcon_pkg']
[0.538s] Level 1:colcon.colcon_core.package_identification:_identify(src) by extension 'colcon_pkg'
[0.538s] Level 1:colcon.colcon_core.package_identification:_identify(src) by extensions ['colcon_meta']
[0.538s] Level 1:colcon.colcon_core.package_identification:_identify(src) by extension 'colcon_meta'
[0.538s] Level 1:colcon.colcon_core.package_identification:_identify(src) by extensions ['ros']
[0.538s] Level 1:colcon.colcon_core.package_identification:_identify(src) by extension 'ros'
[0.539s] Level 1:colcon.colcon_core.package_identification:_identify(src) by extensions ['cmake', 'python']
[0.539s] Level 1:colcon.colcon_core.package_identification:_identify(src) by extension 'cmake'
[0.539s] Level 1:colcon.colcon_core.package_identification:_identify(src) by extension 'python'
[0.539s] Level 1:colcon.colcon_core.package_identification:_identify(src) by extensions ['python_setup_py']
[0.539s] Level 1:colcon.colcon_core.package_identification:_identify(src) by extension 'python_setup_py'
[0.539s] Level 1:colcon.colcon_core.package_identification:_identify(src/panda_description) by extensions ['ignore', 'ignore_ament_install']
[0.539s] Level 1:colcon.colcon_core.package_identification:_identify(src/panda_description) by extension 'ignore'
[0.539s] Level 1:colcon.colcon_core.package_identification:_identify(src/panda_description) by extension 'ignore_ament_install'
[0.539s] Level 1:colcon.colcon_core.package_identification:_identify(src/panda_description) by extensions ['colcon_pkg']
[0.539s] Level 1:colcon.colcon_core.package_identification:_identify(src/panda_description) by extension 'colcon_pkg'
[0.539s] Level 1:colcon.colcon_core.package_identification:_identify(src/panda_description) by extensions ['colcon_meta']
[0.539s] Level 1:colcon.colcon_core.package_identification:_identify(src/panda_description) by extension 'colcon_meta'
[0.539s] Level 1:colcon.colcon_core.package_identification:_identify(src/panda_description) by extensions ['ros']
[0.539s] Level 1:colcon.colcon_core.package_identification:_identify(src/panda_description) by extension 'ros'
[0.542s] DEBUG:colcon.colcon_core.package_identification:Package 'src/panda_description' with type 'ros.ament_cmake' and name 'panda_description'
[0.543s] Level 1:colcon.colcon_core.package_identification:_identify(src/panda_moveit_config) by extensions ['ignore', 'ignore_ament_install']
[0.543s] Level 1:colcon.colcon_core.package_identification:_identify(src/panda_moveit_config) by extension 'ignore'
[0.543s] Level 1:colcon.colcon_core.package_identification:_identify(src/panda_moveit_config) by extension 'ignore_ament_install'
[0.543s] Level 1:colcon.colcon_core.package_identification:_identify(src/panda_moveit_config) by extensions ['colcon_pkg']
[0.543s] Level 1:colcon.colcon_core.package_identification:_identify(src/panda_moveit_config) by extension 'colcon_pkg'
[0.543s] Level 1:colcon.colcon_core.package_identification:_identify(src/panda_moveit_config) by extensions ['colcon_meta']
[0.543s] Level 1:colcon.colcon_core.package_identification:_identify(src/panda_moveit_config) by extension 'colcon_meta'
[0.543s] Level 1:colcon.colcon_core.package_identification:_identify(src/panda_moveit_config) by extensions ['ros']
[0.543s] Level 1:colcon.colcon_core.package_identification:_identify(src/panda_moveit_config) by extension 'ros'
[0.544s] DEBUG:colcon.colcon_core.package_identification:Package 'src/panda_moveit_config' with type 'ros.ament_cmake' and name 'panda_moveit_config'
[0.544s] Level 1:colcon.colcon_core.package_discovery:discover_packages(recursive) using defaults
[0.544s] Level 1:colcon.colcon_core.package_discovery:discover_packages(ignore) discover
[0.544s] Level 1:colcon.colcon_core.package_discovery:discover_packages(ignore) using defaults
[0.544s] Level 1:colcon.colcon_core.package_discovery:discover_packages(path) discover
[0.544s] Level 1:colcon.colcon_core.package_discovery:discover_packages(path) using defaults
[0.570s] Level 1:colcon.colcon_core.package_discovery:discover_packages(prefix_path) check parameters
[0.570s] Level 1:colcon.colcon_core.package_discovery:discover_packages(prefix_path) discover
[0.572s] DEBUG:colcon.colcon_installed_package_information.package_discovery:Found 2 installed packages in /home/kol/Documents/ros2/Control/panda/install
[0.575s] DEBUG:colcon.colcon_installed_package_information.package_discovery:Found 384 installed packages in /opt/ros/humble
[0.577s] Level 1:colcon.colcon_core.package_discovery:discover_packages(prefix_path) using defaults
[0.644s] Level 5:colcon.colcon_core.verb:set package 'panda_description' build argument 'cmake_args' from command line to 'None'
[0.644s] Level 5:colcon.colcon_core.verb:set package 'panda_description' build argument 'cmake_target' from command line to 'None'
[0.644s] Level 5:colcon.colcon_core.verb:set package 'panda_description' build argument 'cmake_target_skip_unavailable' from command line to 'False'
[0.644s] Level 5:colcon.colcon_core.verb:set package 'panda_description' build argument 'cmake_clean_cache' from command line to 'False'
[0.644s] Level 5:colcon.colcon_core.verb:set package 'panda_description' build argument 'cmake_clean_first' from command line to 'False'
[0.644s] Level 5:colcon.colcon_core.verb:set package 'panda_description' build argument 'cmake_force_configure' from command line to 'False'
[0.644s] Level 5:colcon.colcon_core.verb:set package 'panda_description' build argument 'ament_cmake_args' from command line to 'None'
[0.644s] Level 5:colcon.colcon_core.verb:set package 'panda_description' build argument 'catkin_cmake_args' from command line to 'None'
[0.645s] Level 5:colcon.colcon_core.verb:set package 'panda_description' build argument 'catkin_skip_building_tests' from command line to 'False'
[0.645s] DEBUG:colcon.colcon_core.verb:Building package 'panda_description' with the following arguments: {'ament_cmake_args': None, 'build_base': '/home/kol/Documents/ros2/Control/panda/build/panda_description', 'catkin_cmake_args': None, 'catkin_skip_building_tests': False, 'cmake_args': None, 'cmake_clean_cache': False, 'cmake_clean_first': False, 'cmake_force_configure': False, 'cmake_target': None, 'cmake_target_skip_unavailable': False, 'install_base': '/home/kol/Documents/ros2/Control/panda/install/panda_description', 'merge_install': False, 'path': '/home/kol/Documents/ros2/Control/panda/src/panda_description', 'symlink_install': False, 'test_result_base': None}
[0.645s] Level 5:colcon.colcon_core.verb:set package 'panda_moveit_config' build argument 'cmake_args' from command line to 'None'
[0.645s] Level 5:colcon.colcon_core.verb:set package 'panda_moveit_config' build argument 'cmake_target' from command line to 'None'
[0.645s] Level 5:colcon.colcon_core.verb:set package 'panda_moveit_config' build argument 'cmake_target_skip_unavailable' from command line to 'False'
[0.645s] Level 5:colcon.colcon_core.verb:set package 'panda_moveit_config' build argument 'cmake_clean_cache' from command line to 'False'
[0.645s] Level 5:colcon.colcon_core.verb:set package 'panda_moveit_config' build argument 'cmake_clean_first' from command line to 'False'
[0.645s] Level 5:colcon.colcon_core.verb:set package 'panda_moveit_config' build argument 'cmake_force_configure' from command line to 'False'
[0.645s] Level 5:colcon.colcon_core.verb:set package 'panda_moveit_config' build argument 'ament_cmake_args' from command line to 'None'
[0.645s] Level 5:colcon.colcon_core.verb:set package 'panda_moveit_config' build argument 'catkin_cmake_args' from command line to 'None'
[0.645s] Level 5:colcon.colcon_core.verb:set package 'panda_moveit_config' build argument 'catkin_skip_building_tests' from command line to 'False'
[0.645s] DEBUG:colcon.colcon_core.verb:Building package 'panda_moveit_config' with the following arguments: {'ament_cmake_args': None, 'build_base': '/home/kol/Documents/ros2/Control/panda/build/panda_moveit_config', 'catkin_cmake_args': None, 'catkin_skip_building_tests': False, 'cmake_args': None, 'cmake_clean_cache': False, 'cmake_clean_first': False, 'cmake_force_configure': False, 'cmake_target': None, 'cmake_target_skip_unavailable': False, 'install_base': '/home/kol/Documents/ros2/Control/panda/install/panda_moveit_config', 'merge_install': False, 'path': '/home/kol/Documents/ros2/Control/panda/src/panda_moveit_config', 'symlink_install': False, 'test_result_base': None}
[0.646s] INFO:colcon.colcon_core.executor:Executing jobs using 'parallel' executor
[0.647s] DEBUG:colcon.colcon_parallel_executor.executor.parallel:run_until_complete
[0.647s] INFO:colcon.colcon_ros.task.ament_cmake.build:Building ROS package in '/home/kol/Documents/ros2/Control/panda/src/panda_description' with build type 'ament_cmake'
[0.647s] INFO:colcon.colcon_cmake.task.cmake.build:Building CMake package in '/home/kol/Documents/ros2/Control/panda/src/panda_description'
[0.650s] INFO:colcon.colcon_core.plugin_system:Skipping extension 'colcon_core.shell.bat': Not used on non-Windows systems
[0.650s] INFO:colcon.colcon_core.shell:Skip shell extension 'powershell' for command environment: Not usable outside of PowerShell
[0.650s] DEBUG:colcon.colcon_core.shell:Skip shell extension 'dsv' for command environment
[0.664s] DEBUG:colcon.colcon_core.event_handler.log_command:Invoking command in '/home/kol/Documents/ros2/Control/panda/build/panda_description': CMAKE_PREFIX_PATH=${CMAKE_PREFIX_PATH}:/opt/ros/humble /usr/bin/cmake --build /home/kol/Documents/ros2/Control/panda/build/panda_description -- -j4 -l4
[0.717s] DEBUG:colcon.colcon_core.event_handler.log_command:Invoked command in '/home/kol/Documents/ros2/Control/panda/build/panda_description' returned '0': CMAKE_PREFIX_PATH=${CMAKE_PREFIX_PATH}:/opt/ros/humble /usr/bin/cmake --build /home/kol/Documents/ros2/Control/panda/build/panda_description -- -j4 -l4
[0.730s] DEBUG:colcon.colcon_core.event_handler.log_command:Invoking command in '/home/kol/Documents/ros2/Control/panda/build/panda_description': CMAKE_PREFIX_PATH=${CMAKE_PREFIX_PATH}:/opt/ros/humble /usr/bin/cmake --install /home/kol/Documents/ros2/Control/panda/build/panda_description
[0.744s] Level 1:colcon.colcon_core.environment:create_environment_scripts_only(panda_description)
[0.748s] DEBUG:colcon.colcon_core.event_handler.log_command:Invoked command in '/home/kol/Documents/ros2/Control/panda/build/panda_description' returned '0': CMAKE_PREFIX_PATH=${CMAKE_PREFIX_PATH}:/opt/ros/humble /usr/bin/cmake --install /home/kol/Documents/ros2/Control/panda/build/panda_description
[0.751s] Level 1:colcon.colcon_core.environment:checking '/home/kol/Documents/ros2/Control/panda/install/panda_description' for CMake module files
[0.752s] Level 1:colcon.colcon_core.environment:checking '/home/kol/Documents/ros2/Control/panda/install/panda_description' for CMake config files
[0.752s] Level 1:colcon.colcon_core.shell:create_environment_hook('panda_description', 'cmake_prefix_path')
[0.753s] INFO:colcon.colcon_core.shell:Creating environment hook '/home/kol/Documents/ros2/Control/panda/install/panda_description/share/panda_description/hook/cmake_prefix_path.ps1'
[0.753s] INFO:colcon.colcon_core.shell:Creating environment descriptor '/home/kol/Documents/ros2/Control/panda/install/panda_description/share/panda_description/hook/cmake_prefix_path.dsv'
[0.754s] INFO:colcon.colcon_core.shell:Creating environment hook '/home/kol/Documents/ros2/Control/panda/install/panda_description/share/panda_description/hook/cmake_prefix_path.sh'
[0.755s] Level 1:colcon.colcon_core.environment:checking '/home/kol/Documents/ros2/Control/panda/install/panda_description/bin'
[0.755s] Level 1:colcon.colcon_core.environment:checking '/home/kol/Documents/ros2/Control/panda/install/panda_description/lib/pkgconfig/panda_description.pc'
[0.755s] Level 1:colcon.colcon_core.environment:checking '/home/kol/Documents/ros2/Control/panda/install/panda_description/lib/python3.10/site-packages'
[0.755s] Level 1:colcon.colcon_core.environment:checking '/home/kol/Documents/ros2/Control/panda/install/panda_description/bin'
[0.756s] INFO:colcon.colcon_core.shell:Creating package script '/home/kol/Documents/ros2/Control/panda/install/panda_description/share/panda_description/package.ps1'
[0.757s] INFO:colcon.colcon_core.shell:Creating package descriptor '/home/kol/Documents/ros2/Control/panda/install/panda_description/share/panda_description/package.dsv'
[0.757s] INFO:colcon.colcon_core.shell:Creating package script '/home/kol/Documents/ros2/Control/panda/install/panda_description/share/panda_description/package.sh'
[0.759s] INFO:colcon.colcon_core.shell:Creating package script '/home/kol/Documents/ros2/Control/panda/install/panda_description/share/panda_description/package.bash'
[0.760s] INFO:colcon.colcon_core.shell:Creating package script '/home/kol/Documents/ros2/Control/panda/install/panda_description/share/panda_description/package.zsh'
[0.761s] Level 1:colcon.colcon_core.environment:create_file_with_runtime_dependencies(/home/kol/Documents/ros2/Control/panda/install/panda_description/share/colcon-core/packages/panda_description)
[0.762s] Level 1:colcon.colcon_core.environment:create_environment_scripts_only(panda_description)
[0.762s] Level 1:colcon.colcon_core.environment:checking '/home/kol/Documents/ros2/Control/panda/install/panda_description' for CMake module files
[0.763s] Level 1:colcon.colcon_core.environment:checking '/home/kol/Documents/ros2/Control/panda/install/panda_description' for CMake config files
[0.763s] Level 1:colcon.colcon_core.shell:create_environment_hook('panda_description', 'cmake_prefix_path')
[0.763s] INFO:colcon.colcon_core.shell:Creating environment hook '/home/kol/Documents/ros2/Control/panda/install/panda_description/share/panda_description/hook/cmake_prefix_path.ps1'
[0.764s] INFO:colcon.colcon_core.shell:Creating environment descriptor '/home/kol/Documents/ros2/Control/panda/install/panda_description/share/panda_description/hook/cmake_prefix_path.dsv'
[0.765s] INFO:colcon.colcon_core.shell:Creating environment hook '/home/kol/Documents/ros2/Control/panda/install/panda_description/share/panda_description/hook/cmake_prefix_path.sh'
[0.765s] Level 1:colcon.colcon_core.environment:checking '/home/kol/Documents/ros2/Control/panda/install/panda_description/bin'
[0.766s] Level 1:colcon.colcon_core.environment:checking '/home/kol/Documents/ros2/Control/panda/install/panda_description/lib/pkgconfig/panda_description.pc'
[0.766s] Level 1:colcon.colcon_core.environment:checking '/home/kol/Documents/ros2/Control/panda/install/panda_description/lib/python3.10/site-packages'
[0.766s] Level 1:colcon.colcon_core.environment:checking '/home/kol/Documents/ros2/Control/panda/install/panda_description/bin'
[0.767s] INFO:colcon.colcon_core.shell:Creating package script '/home/kol/Documents/ros2/Control/panda/install/panda_description/share/panda_description/package.ps1'
[0.768s] INFO:colcon.colcon_core.shell:Creating package descriptor '/home/kol/Documents/ros2/Control/panda/install/panda_description/share/panda_description/package.dsv'
[0.768s] INFO:colcon.colcon_core.shell:Creating package script '/home/kol/Documents/ros2/Control/panda/install/panda_description/share/panda_description/package.sh'
[0.769s] INFO:colcon.colcon_core.shell:Creating package script '/home/kol/Documents/ros2/Control/panda/install/panda_description/share/panda_description/package.bash'
[0.770s] INFO:colcon.colcon_core.shell:Creating package script '/home/kol/Documents/ros2/Control/panda/install/panda_description/share/panda_description/package.zsh'
[0.770s] Level 1:colcon.colcon_core.environment:create_file_with_runtime_dependencies(/home/kol/Documents/ros2/Control/panda/install/panda_description/share/colcon-core/packages/panda_description)
[0.771s] INFO:colcon.colcon_ros.task.ament_cmake.build:Building ROS package in '/home/kol/Documents/ros2/Control/panda/src/panda_moveit_config' with build type 'ament_cmake'
[0.771s] INFO:colcon.colcon_cmake.task.cmake.build:Building CMake package in '/home/kol/Documents/ros2/Control/panda/src/panda_moveit_config'
[0.771s] INFO:colcon.colcon_core.shell:Skip shell extension 'powershell' for command environment: Not usable outside of PowerShell
[0.771s] DEBUG:colcon.colcon_core.shell:Skip shell extension 'dsv' for command environment
[0.786s] DEBUG:colcon.colcon_core.event_handler.log_command:Invoking command in '/home/kol/Documents/ros2/Control/panda/build/panda_moveit_config': CMAKE_PREFIX_PATH=/home/kol/Documents/ros2/Control/panda/install/panda_description:/home/kol/Documents/ros2/Control/panda/install/panda_moveit_config:/opt/ros/humble /usr/bin/cmake --build /home/kol/Documents/ros2/Control/panda/build/panda_moveit_config -- -j4 -l4
[0.833s] DEBUG:colcon.colcon_core.event_handler.log_command:Invoked command in '/home/kol/Documents/ros2/Control/panda/build/panda_moveit_config' returned '0': CMAKE_PREFIX_PATH=/home/kol/Documents/ros2/Control/panda/install/panda_description:/home/kol/Documents/ros2/Control/panda/install/panda_moveit_config:/opt/ros/humble /usr/bin/cmake --build /home/kol/Documents/ros2/Control/panda/build/panda_moveit_config -- -j4 -l4
[0.835s] DEBUG:colcon.colcon_core.event_handler.log_command:Invoking command in '/home/kol/Documents/ros2/Control/panda/build/panda_moveit_config': CMAKE_PREFIX_PATH=/home/kol/Documents/ros2/Control/panda/install/panda_description:/home/kol/Documents/ros2/Control/panda/install/panda_moveit_config:/opt/ros/humble /usr/bin/cmake --install /home/kol/Documents/ros2/Control/panda/build/panda_moveit_config
[0.851s] Level 1:colcon.colcon_core.environment:create_environment_scripts_only(panda_moveit_config)
[0.851s] Level 1:colcon.colcon_core.environment:checking '/home/kol/Documents/ros2/Control/panda/install/panda_moveit_config' for CMake module files
[0.852s] DEBUG:colcon.colcon_core.event_handler.log_command:Invoked command in '/home/kol/Documents/ros2/Control/panda/build/panda_moveit_config' returned '0': CMAKE_PREFIX_PATH=/home/kol/Documents/ros2/Control/panda/install/panda_description:/home/kol/Documents/ros2/Control/panda/install/panda_moveit_config:/opt/ros/humble /usr/bin/cmake --install /home/kol/Documents/ros2/Control/panda/build/panda_moveit_config
[0.853s] Level 1:colcon.colcon_core.environment:checking '/home/kol/Documents/ros2/Control/panda/install/panda_moveit_config' for CMake config files
[0.853s] Level 1:colcon.colcon_core.shell:create_environment_hook('panda_moveit_config', 'cmake_prefix_path')
[0.853s] INFO:colcon.colcon_core.shell:Creating environment hook '/home/kol/Documents/ros2/Control/panda/install/panda_moveit_config/share/panda_moveit_config/hook/cmake_prefix_path.ps1'
[0.854s] INFO:colcon.colcon_core.shell:Creating environment descriptor '/home/kol/Documents/ros2/Control/panda/install/panda_moveit_config/share/panda_moveit_config/hook/cmake_prefix_path.dsv'
[0.854s] INFO:colcon.colcon_core.shell:Creating environment hook '/home/kol/Documents/ros2/Control/panda/install/panda_moveit_config/share/panda_moveit_config/hook/cmake_prefix_path.sh'
[0.855s] Level 1:colcon.colcon_core.environment:checking '/home/kol/Documents/ros2/Control/panda/install/panda_moveit_config/bin'
[0.855s] Level 1:colcon.colcon_core.environment:checking '/home/kol/Documents/ros2/Control/panda/install/panda_moveit_config/lib/pkgconfig/panda_moveit_config.pc'
[0.855s] Level 1:colcon.colcon_core.environment:checking '/home/kol/Documents/ros2/Control/panda/install/panda_moveit_config/lib/python3.10/site-packages'
[0.856s] Level 1:colcon.colcon_core.environment:checking '/home/kol/Documents/ros2/Control/panda/install/panda_moveit_config/bin'
[0.856s] INFO:colcon.colcon_core.shell:Creating package script '/home/kol/Documents/ros2/Control/panda/install/panda_moveit_config/share/panda_moveit_config/package.ps1'
[0.856s] INFO:colcon.colcon_core.shell:Creating package descriptor '/home/kol/Documents/ros2/Control/panda/install/panda_moveit_config/share/panda_moveit_config/package.dsv'
[0.857s] INFO:colcon.colcon_core.shell:Creating package script '/home/kol/Documents/ros2/Control/panda/install/panda_moveit_config/share/panda_moveit_config/package.sh'
[0.857s] INFO:colcon.colcon_core.shell:Creating package script '/home/kol/Documents/ros2/Control/panda/install/panda_moveit_config/share/panda_moveit_config/package.bash'
[0.858s] INFO:colcon.colcon_core.shell:Creating package script '/home/kol/Documents/ros2/Control/panda/install/panda_moveit_config/share/panda_moveit_config/package.zsh'
[0.859s] Level 1:colcon.colcon_core.environment:create_file_with_runtime_dependencies(/home/kol/Documents/ros2/Control/panda/install/panda_moveit_config/share/colcon-core/packages/panda_moveit_config)
[0.860s] Level 1:colcon.colcon_core.environment:create_environment_scripts_only(panda_moveit_config)
[0.860s] Level 1:colcon.colcon_core.environment:checking '/home/kol/Documents/ros2/Control/panda/install/panda_moveit_config' for CMake module files
[0.861s] Level 1:colcon.colcon_core.environment:checking '/home/kol/Documents/ros2/Control/panda/install/panda_moveit_config' for CMake config files
[0.861s] Level 1:colcon.colcon_core.shell:create_environment_hook('panda_moveit_config', 'cmake_prefix_path')
[0.861s] INFO:colcon.colcon_core.shell:Creating environment hook '/home/kol/Documents/ros2/Control/panda/install/panda_moveit_config/share/panda_moveit_config/hook/cmake_prefix_path.ps1'
[0.862s] INFO:colcon.colcon_core.shell:Creating environment descriptor '/home/kol/Documents/ros2/Control/panda/install/panda_moveit_config/share/panda_moveit_config/hook/cmake_prefix_path.dsv'
[0.863s] INFO:colcon.colcon_core.shell:Creating environment hook '/home/kol/Documents/ros2/Control/panda/install/panda_moveit_config/share/panda_moveit_config/hook/cmake_prefix_path.sh'
[0.863s] Level 1:colcon.colcon_core.environment:checking '/home/kol/Documents/ros2/Control/panda/install/panda_moveit_config/bin'
[0.864s] Level 1:colcon.colcon_core.environment:checking '/home/kol/Documents/ros2/Control/panda/install/panda_moveit_config/lib/pkgconfig/panda_moveit_config.pc'
[0.864s] Level 1:colcon.colcon_core.environment:checking '/home/kol/Documents/ros2/Control/panda/install/panda_moveit_config/lib/python3.10/site-packages'
[0.864s] Level 1:colcon.colcon_core.environment:checking '/home/kol/Documents/ros2/Control/panda/install/panda_moveit_config/bin'
[0.865s] INFO:colcon.colcon_core.shell:Creating package script '/home/kol/Documents/ros2/Control/panda/install/panda_moveit_config/share/panda_moveit_config/package.ps1'
[0.866s] INFO:colcon.colcon_core.shell:Creating package descriptor '/home/kol/Documents/ros2/Control/panda/install/panda_moveit_config/share/panda_moveit_config/package.dsv'
[0.867s] INFO:colcon.colcon_core.shell:Creating package script '/home/kol/Documents/ros2/Control/panda/install/panda_moveit_config/share/panda_moveit_config/package.sh'
[0.868s] INFO:colcon.colcon_core.shell:Creating package script '/home/kol/Documents/ros2/Control/panda/install/panda_moveit_config/share/panda_moveit_config/package.bash'
[0.869s] INFO:colcon.colcon_core.shell:Creating package script '/home/kol/Documents/ros2/Control/panda/install/panda_moveit_config/share/panda_moveit_config/package.zsh'
[0.869s] Level 1:colcon.colcon_core.environment:create_file_with_runtime_dependencies(/home/kol/Documents/ros2/Control/panda/install/panda_moveit_config/share/colcon-core/packages/panda_moveit_config)
[0.870s] DEBUG:colcon.colcon_parallel_executor.executor.parallel:closing loop
[0.870s] DEBUG:colcon.colcon_parallel_executor.executor.parallel:loop closed
[0.871s] DEBUG:colcon.colcon_parallel_executor.executor.parallel:run_until_complete finished with '0'
[0.871s] DEBUG:colcon.colcon_core.event_reactor:joining thread
[0.879s] INFO:colcon.colcon_core.plugin_system:Skipping extension 'colcon_notification.desktop_notification.terminal_notifier': Not used on non-Darwin systems
[0.879s] INFO:colcon.colcon_core.plugin_system:Skipping extension 'colcon_notification.desktop_notification.win32': Not used on non-Windows systems
[0.880s] INFO:colcon.colcon_notification.desktop_notification:Sending desktop notification using 'notify2'
[0.892s] DEBUG:colcon.colcon_core.event_reactor:joined thread
[0.892s] INFO:colcon.colcon_core.shell:Creating prefix script '/home/kol/Documents/ros2/Control/panda/install/local_setup.ps1'
[0.894s] INFO:colcon.colcon_core.shell:Creating prefix util module '/home/kol/Documents/ros2/Control/panda/install/_local_setup_util_ps1.py'
[0.896s] INFO:colcon.colcon_core.shell:Creating prefix chain script '/home/kol/Documents/ros2/Control/panda/install/setup.ps1'
[0.897s] INFO:colcon.colcon_core.shell:Creating prefix script '/home/kol/Documents/ros2/Control/panda/install/local_setup.sh'
[0.898s] INFO:colcon.colcon_core.shell:Creating prefix util module '/home/kol/Documents/ros2/Control/panda/install/_local_setup_util_sh.py'
[0.899s] INFO:colcon.colcon_core.shell:Creating prefix chain script '/home/kol/Documents/ros2/Control/panda/install/setup.sh'
[0.900s] INFO:colcon.colcon_core.shell:Creating prefix script '/home/kol/Documents/ros2/Control/panda/install/local_setup.bash'
[0.901s] INFO:colcon.colcon_core.shell:Creating prefix chain script '/home/kol/Documents/ros2/Control/panda/install/setup.bash'
[0.902s] INFO:colcon.colcon_core.shell:Creating prefix script '/home/kol/Documents/ros2/Control/panda/install/local_setup.zsh'
[0.903s] INFO:colcon.colcon_core.shell:Creating prefix chain script '/home/kol/Documents/ros2/Control/panda/install/setup.zsh'
