[0.013s] Invoking command in '/home/kol/Documents/ros2/Control/panda/build/panda_description': CMAKE_PREFIX_PATH=/opt/ros/humble /usr/bin/cmake /home/kol/Documents/ros2/Control/panda/src/panda_description -DCMAKE_INSTALL_PREFIX=/home/kol/Documents/ros2/Control/panda/install/panda_description
[0.079s] -- The C compiler identification is GNU 11.4.0
[0.156s] -- The CXX compiler identification is GNU 11.4.0
[0.165s] -- Detecting C compiler ABI info
[0.252s] -- Detecting C compiler ABI info - done
[0.262s] -- Check for working C compiler: /usr/bin/cc - skipped
[0.262s] -- Detecting C compile features
[0.262s] -- Detecting C compile features - done
[0.266s] -- Detecting CXX compiler ABI info
[0.367s] -- Detecting CXX compiler ABI info - done
[0.377s] -- Check for working CXX compiler: /usr/bin/c++ - skipped
[0.377s] -- Detecting CXX compile features
[0.378s] -- Detecting CXX compile features - done
[0.381s] -- Found ament_cmake: 1.3.12 (/opt/ros/humble/share/ament_cmake/cmake)
[0.635s] -- Found Python3: /usr/bin/python3 (found version "3.10.12") found components: Interpreter 
[0.830s] -- Configuring done
[0.834s] -- Generating done
[0.836s] -- Build files have been written to: /home/kol/Documents/ros2/Control/panda/build/panda_description
[0.841s] Invoked command in '/home/kol/Documents/ros2/Control/panda/build/panda_description' returned '0': CMAKE_PREFIX_PATH=/opt/ros/humble /usr/bin/cmake /home/kol/Documents/ros2/Control/panda/src/panda_description -DCMAKE_INSTALL_PREFIX=/home/kol/Documents/ros2/Control/panda/install/panda_description
[0.844s] Invoking command in '/home/kol/Documents/ros2/Control/panda/build/panda_description': CMAKE_PREFIX_PATH=/opt/ros/humble /usr/bin/cmake --build /home/kol/Documents/ros2/Control/panda/build/panda_description -- -j4 -l4
[0.889s] Invoked command in '/home/kol/Documents/ros2/Control/panda/build/panda_description' returned '0': CMAKE_PREFIX_PATH=/opt/ros/humble /usr/bin/cmake --build /home/kol/Documents/ros2/Control/panda/build/panda_description -- -j4 -l4
[0.901s] Invoking command in '/home/kol/Documents/ros2/Control/panda/build/panda_description': CMAKE_PREFIX_PATH=/opt/ros/humble /usr/bin/cmake --install /home/kol/Documents/ros2/Control/panda/build/panda_description
[0.910s] -- Install configuration: ""
[0.911s] -- Installing: /home/kol/Documents/ros2/Control/panda/install/panda_description/share/ament_index/resource_index/package_run_dependencies/panda_description
[0.911s] -- Installing: /home/kol/Documents/ros2/Control/panda/install/panda_description/share/ament_index/resource_index/parent_prefix_path/panda_description
[0.911s] -- Installing: /home/kol/Documents/ros2/Control/panda/install/panda_description/share/panda_description/environment/ament_prefix_path.sh
[0.912s] -- Installing: /home/kol/Documents/ros2/Control/panda/install/panda_description/share/panda_description/environment/ament_prefix_path.dsv
[0.912s] -- Installing: /home/kol/Documents/ros2/Control/panda/install/panda_description/share/panda_description/environment/path.sh
[0.912s] -- Installing: /home/kol/Documents/ros2/Control/panda/install/panda_description/share/panda_description/environment/path.dsv
[0.912s] -- Installing: /home/kol/Documents/ros2/Control/panda/install/panda_description/share/panda_description/local_setup.bash
[0.912s] -- Installing: /home/kol/Documents/ros2/Control/panda/install/panda_description/share/panda_description/local_setup.sh
[0.913s] -- Installing: /home/kol/Documents/ros2/Control/panda/install/panda_description/share/panda_description/local_setup.zsh
[0.913s] -- Installing: /home/kol/Documents/ros2/Control/panda/install/panda_description/share/panda_description/local_setup.dsv
[0.913s] -- Installing: /home/kol/Documents/ros2/Control/panda/install/panda_description/share/panda_description/package.dsv
[0.913s] -- Installing: /home/kol/Documents/ros2/Control/panda/install/panda_description/share/ament_index/resource_index/packages/panda_description
[0.913s] -- Installing: /home/kol/Documents/ros2/Control/panda/install/panda_description/share/panda_description/cmake/panda_descriptionConfig.cmake
[0.914s] -- Installing: /home/kol/Documents/ros2/Control/panda/install/panda_description/share/panda_description/cmake/panda_descriptionConfig-version.cmake
[0.914s] -- Installing: /home/kol/Documents/ros2/Control/panda/install/panda_description/share/panda_description/package.xml
[0.914s] -- Installing: /home/kol/Documents/ros2/Control/panda/install/panda_description/share/panda_description/meshes
[0.914s] -- Installing: /home/kol/Documents/ros2/Control/panda/install/panda_description/share/panda_description/meshes/collision
[0.914s] -- Installing: /home/kol/Documents/ros2/Control/panda/install/panda_description/share/panda_description/meshes/collision/hand.stl
[0.914s] -- Installing: /home/kol/Documents/ros2/Control/panda/install/panda_description/share/panda_description/meshes/collision/link5.stl
[0.915s] -- Installing: /home/kol/Documents/ros2/Control/panda/install/panda_description/share/panda_description/meshes/collision/link4.stl
[0.915s] -- Installing: /home/kol/Documents/ros2/Control/panda/install/panda_description/share/panda_description/meshes/collision/link3.stl
[0.915s] -- Installing: /home/kol/Documents/ros2/Control/panda/install/panda_description/share/panda_description/meshes/collision/finger.stl
[0.915s] -- Installing: /home/kol/Documents/ros2/Control/panda/install/panda_description/share/panda_description/meshes/collision/link0.stl
[0.915s] -- Installing: /home/kol/Documents/ros2/Control/panda/install/panda_description/share/panda_description/meshes/collision/link6.stl
[0.915s] -- Installing: /home/kol/Documents/ros2/Control/panda/install/panda_description/share/panda_description/meshes/collision/link2.stl
[0.916s] -- Installing: /home/kol/Documents/ros2/Control/panda/install/panda_description/share/panda_description/meshes/collision/link1.stl
[0.916s] -- Installing: /home/kol/Documents/ros2/Control/panda/install/panda_description/share/panda_description/meshes/collision/link7.stl
[0.916s] -- Installing: /home/kol/Documents/ros2/Control/panda/install/panda_description/share/panda_description/meshes/visual
[0.916s] -- Installing: /home/kol/Documents/ros2/Control/panda/install/panda_description/share/panda_description/meshes/visual/link3.dae
[0.917s] -- Installing: /home/kol/Documents/ros2/Control/panda/install/panda_description/share/panda_description/meshes/visual/link2.dae
[0.919s] -- Installing: /home/kol/Documents/ros2/Control/panda/install/panda_description/share/panda_description/meshes/visual/hand.dae
[0.919s] -- Installing: /home/kol/Documents/ros2/Control/panda/install/panda_description/share/panda_description/meshes/visual/link4.dae
[0.921s] -- Installing: /home/kol/Documents/ros2/Control/panda/install/panda_description/share/panda_description/meshes/visual/link0.dae
[0.923s] -- Installing: /home/kol/Documents/ros2/Control/panda/install/panda_description/share/panda_description/meshes/visual/link6.dae
[0.925s] -- Installing: /home/kol/Documents/ros2/Control/panda/install/panda_description/share/panda_description/meshes/visual/finger.dae
[0.925s] -- Installing: /home/kol/Documents/ros2/Control/panda/install/panda_description/share/panda_description/meshes/visual/link5.dae
[0.927s] -- Installing: /home/kol/Documents/ros2/Control/panda/install/panda_description/share/panda_description/meshes/visual/link7.dae
[0.928s] -- Installing: /home/kol/Documents/ros2/Control/panda/install/panda_description/share/panda_description/meshes/visual/link1.dae
[0.930s] -- Installing: /home/kol/Documents/ros2/Control/panda/install/panda_description/share/panda_description/urdf
[0.930s] -- Installing: /home/kol/Documents/ros2/Control/panda/install/panda_description/share/panda_description/urdf/ros2_control.xacro
[0.930s] -- Installing: /home/kol/Documents/ros2/Control/panda/install/panda_description/share/panda_description/urdf/panda.urdf.xacro
[0.930s] -- Installing: /home/kol/Documents/ros2/Control/panda/install/panda_description/share/panda_description/urdf/panda.urdf
[0.931s] -- Installing: /home/kol/Documents/ros2/Control/panda/install/panda_description/share/panda_description/urdf/panda_desc.urdf.xacro
[0.931s] -- Installing: /home/kol/Documents/ros2/Control/panda/install/panda_description/share/panda_description/urdf/panda.gazebo
[0.931s] -- Installing: /home/kol/Documents/ros2/Control/panda/install/panda_description/share/panda_description/launch
[0.931s] -- Installing: /home/kol/Documents/ros2/Control/panda/install/panda_description/share/panda_description/launch/display.launch.py
[0.931s] -- Installing: /home/kol/Documents/ros2/Control/panda/install/panda_description/share/panda_description/launch/gazebo.launch.py
[0.931s] -- Installing: /home/kol/Documents/ros2/Control/panda/install/panda_description/share/panda_description/config
[0.932s] -- Installing: /home/kol/Documents/ros2/Control/panda/install/panda_description/share/panda_description/config/my_controllers.yaml
[0.934s] Invoked command in '/home/kol/Documents/ros2/Control/panda/build/panda_description' returned '0': CMAKE_PREFIX_PATH=/opt/ros/humble /usr/bin/cmake --install /home/kol/Documents/ros2/Control/panda/build/panda_description
