[0.011s] Invoking command in '/home/kol/Documents/ros2/Control/panda/build/panda_moveit_config': AMENT_PREFIX_PATH=/home/kol/Documents/ros2/Control/panda/install/panda_description:${AMENT_PREFIX_PATH} CMAKE_PREFIX_PATH=/home/kol/Documents/ros2/Control/panda/install/panda_description:/opt/ros/humble /usr/bin/cmake /home/kol/Documents/ros2/Control/panda/src/panda_moveit_config -DCMAKE_INSTALL_PREFIX=/home/kol/Documents/ros2/Control/panda/install/panda_moveit_config
[0.083s] -- The C compiler identification is GNU 11.4.0
[0.155s] -- The CXX compiler identification is GNU 11.4.0
[0.164s] -- Detecting C compiler ABI info
[0.248s] -- Detecting C compiler ABI info - done
[0.258s] -- Check for working C compiler: /usr/bin/cc - skipped
[0.258s] -- Detecting C compile features
[0.259s] -- Detecting C compile features - done
[0.262s] -- Detecting CXX compiler ABI info
[0.362s] -- Detecting CXX compiler ABI info - done
[0.372s] -- Check for working CXX compiler: /usr/bin/c++ - skipped
[0.372s] -- Detecting CXX compile features
[0.373s] -- Detecting CXX compile features - done
[0.376s] -- Found ament_cmake: 1.3.12 (/opt/ros/humble/share/ament_cmake/cmake)
[0.634s] -- Found Python3: /usr/bin/python3 (found version "3.10.12") found components: Interpreter 
[0.840s] -- Configuring done
[0.843s] -- Generating done
[0.845s] -- Build files have been written to: /home/kol/Documents/ros2/Control/panda/build/panda_moveit_config
[0.850s] Invoked command in '/home/kol/Documents/ros2/Control/panda/build/panda_moveit_config' returned '0': AMENT_PREFIX_PATH=/home/kol/Documents/ros2/Control/panda/install/panda_description:${AMENT_PREFIX_PATH} CMAKE_PREFIX_PATH=/home/kol/Documents/ros2/Control/panda/install/panda_description:/opt/ros/humble /usr/bin/cmake /home/kol/Documents/ros2/Control/panda/src/panda_moveit_config -DCMAKE_INSTALL_PREFIX=/home/kol/Documents/ros2/Control/panda/install/panda_moveit_config
[0.852s] Invoking command in '/home/kol/Documents/ros2/Control/panda/build/panda_moveit_config': AMENT_PREFIX_PATH=/home/kol/Documents/ros2/Control/panda/install/panda_description:${AMENT_PREFIX_PATH} CMAKE_PREFIX_PATH=/home/kol/Documents/ros2/Control/panda/install/panda_description:/opt/ros/humble /usr/bin/cmake --build /home/kol/Documents/ros2/Control/panda/build/panda_moveit_config -- -j4 -l4
[0.900s] Invoked command in '/home/kol/Documents/ros2/Control/panda/build/panda_moveit_config' returned '0': AMENT_PREFIX_PATH=/home/kol/Documents/ros2/Control/panda/install/panda_description:${AMENT_PREFIX_PATH} CMAKE_PREFIX_PATH=/home/kol/Documents/ros2/Control/panda/install/panda_description:/opt/ros/humble /usr/bin/cmake --build /home/kol/Documents/ros2/Control/panda/build/panda_moveit_config -- -j4 -l4
[0.902s] Invoking command in '/home/kol/Documents/ros2/Control/panda/build/panda_moveit_config': AMENT_PREFIX_PATH=/home/kol/Documents/ros2/Control/panda/install/panda_description:${AMENT_PREFIX_PATH} CMAKE_PREFIX_PATH=/home/kol/Documents/ros2/Control/panda/install/panda_description:/opt/ros/humble /usr/bin/cmake --install /home/kol/Documents/ros2/Control/panda/build/panda_moveit_config
[0.911s] -- Install configuration: ""
[0.911s] -- Installing: /home/kol/Documents/ros2/Control/panda/install/panda_moveit_config/share/ament_index/resource_index/package_run_dependencies/panda_moveit_config
[0.912s] -- Installing: /home/kol/Documents/ros2/Control/panda/install/panda_moveit_config/share/ament_index/resource_index/parent_prefix_path/panda_moveit_config
[0.912s] -- Installing: /home/kol/Documents/ros2/Control/panda/install/panda_moveit_config/share/panda_moveit_config/environment/ament_prefix_path.sh
[0.912s] -- Installing: /home/kol/Documents/ros2/Control/panda/install/panda_moveit_config/share/panda_moveit_config/environment/ament_prefix_path.dsv
[0.913s] -- Installing: /home/kol/Documents/ros2/Control/panda/install/panda_moveit_config/share/panda_moveit_config/environment/path.sh
[0.913s] -- Installing: /home/kol/Documents/ros2/Control/panda/install/panda_moveit_config/share/panda_moveit_config/environment/path.dsv
[0.913s] -- Installing: /home/kol/Documents/ros2/Control/panda/install/panda_moveit_config/share/panda_moveit_config/local_setup.bash
[0.913s] -- Installing: /home/kol/Documents/ros2/Control/panda/install/panda_moveit_config/share/panda_moveit_config/local_setup.sh
[0.913s] -- Installing: /home/kol/Documents/ros2/Control/panda/install/panda_moveit_config/share/panda_moveit_config/local_setup.zsh
[0.914s] -- Installing: /home/kol/Documents/ros2/Control/panda/install/panda_moveit_config/share/panda_moveit_config/local_setup.dsv
[0.914s] -- Installing: /home/kol/Documents/ros2/Control/panda/install/panda_moveit_config/share/panda_moveit_config/package.dsv
[0.914s] -- Installing: /home/kol/Documents/ros2/Control/panda/install/panda_moveit_config/share/ament_index/resource_index/packages/panda_moveit_config
[0.914s] -- Installing: /home/kol/Documents/ros2/Control/panda/install/panda_moveit_config/share/panda_moveit_config/cmake/panda_moveit_configConfig.cmake
[0.914s] -- Installing: /home/kol/Documents/ros2/Control/panda/install/panda_moveit_config/share/panda_moveit_config/cmake/panda_moveit_configConfig-version.cmake
[0.915s] -- Installing: /home/kol/Documents/ros2/Control/panda/install/panda_moveit_config/share/panda_moveit_config/package.xml
[0.915s] -- Installing: /home/kol/Documents/ros2/Control/panda/install/panda_moveit_config/share/panda_moveit_config/launch
[0.915s] -- Installing: /home/kol/Documents/ros2/Control/panda/install/panda_moveit_config/share/panda_moveit_config/launch/rsp.launch.py
[0.915s] -- Installing: /home/kol/Documents/ros2/Control/panda/install/panda_moveit_config/share/panda_moveit_config/launch/move_group.launch.py
[0.915s] -- Installing: /home/kol/Documents/ros2/Control/panda/install/panda_moveit_config/share/panda_moveit_config/launch/spawn_controllers.launch.py
[0.916s] -- Installing: /home/kol/Documents/ros2/Control/panda/install/panda_moveit_config/share/panda_moveit_config/launch/demo.launch.py
[0.916s] -- Installing: /home/kol/Documents/ros2/Control/panda/install/panda_moveit_config/share/panda_moveit_config/launch/setup_assistant.launch.py
[0.916s] -- Installing: /home/kol/Documents/ros2/Control/panda/install/panda_moveit_config/share/panda_moveit_config/launch/moveit_rviz.launch.py
[0.916s] -- Installing: /home/kol/Documents/ros2/Control/panda/install/panda_moveit_config/share/panda_moveit_config/launch/static_virtual_joint_tfs.launch.py
[0.916s] -- Installing: /home/kol/Documents/ros2/Control/panda/install/panda_moveit_config/share/panda_moveit_config/launch/warehouse_db.launch.py
[0.916s] -- Installing: /home/kol/Documents/ros2/Control/panda/install/panda_moveit_config/share/panda_moveit_config/config
[0.917s] -- Installing: /home/kol/Documents/ros2/Control/panda/install/panda_moveit_config/share/panda_moveit_config/config/moveit.rviz
[0.917s] -- Installing: /home/kol/Documents/ros2/Control/panda/install/panda_moveit_config/share/panda_moveit_config/config/moveit_controllers.yaml
[0.917s] -- Installing: /home/kol/Documents/ros2/Control/panda/install/panda_moveit_config/share/panda_moveit_config/config/ros2_controllers.yaml
[0.917s] -- Installing: /home/kol/Documents/ros2/Control/panda/install/panda_moveit_config/share/panda_moveit_config/config/joint_limits.yaml
[0.917s] -- Installing: /home/kol/Documents/ros2/Control/panda/install/panda_moveit_config/share/panda_moveit_config/config/panda.srdf
[0.917s] -- Installing: /home/kol/Documents/ros2/Control/panda/install/panda_moveit_config/share/panda_moveit_config/config/kinematics.yaml
[0.917s] -- Installing: /home/kol/Documents/ros2/Control/panda/install/panda_moveit_config/share/panda_moveit_config/config/panda.urdf.xacro
[0.917s] -- Installing: /home/kol/Documents/ros2/Control/panda/install/panda_moveit_config/share/panda_moveit_config/config/initial_positions.yaml
[0.918s] -- Installing: /home/kol/Documents/ros2/Control/panda/install/panda_moveit_config/share/panda_moveit_config/config/panda.ros2_control.xacro
[0.918s] -- Installing: /home/kol/Documents/ros2/Control/panda/install/panda_moveit_config/share/panda_moveit_config/config/sensors_3d.yaml
[0.918s] -- Installing: /home/kol/Documents/ros2/Control/panda/install/panda_moveit_config/share/panda_moveit_config/config/pilz_cartesian_limits.yaml
[0.918s] -- Installing: /home/kol/Documents/ros2/Control/panda/install/panda_moveit_config/share/panda_moveit_config/.setup_assistant
[0.921s] Invoked command in '/home/kol/Documents/ros2/Control/panda/build/panda_moveit_config' returned '0': AMENT_PREFIX_PATH=/home/kol/Documents/ros2/Control/panda/install/panda_description:${AMENT_PREFIX_PATH} CMAKE_PREFIX_PATH=/home/kol/Documents/ros2/Control/panda/install/panda_description:/opt/ros/humble /usr/bin/cmake --install /home/kol/Documents/ros2/Control/panda/build/panda_moveit_config
