[0.163s] DEBUG:colcon:Command line arguments: ['/usr/bin/colcon', 'build']
[0.163s] DEBUG:colcon:Parsed command line arguments: Namespace(log_base=None, log_level=None, verb_name='build', build_base='build', install_base='install', merge_install=False, symlink_install=False, test_result_base=None, continue_on_error=False, executor='parallel', parallel_workers=4, event_handlers=None, ignore_user_meta=False, metas=['./colcon.meta'], base_paths=['.'], packages_ignore=None, packages_ignore_regex=None, paths=None, packages_up_to=None, packages_up_to_regex=None, packages_above=None, packages_above_and_dependencies=None, packages_above_depth=None, packages_select_by_dep=None, packages_skip_by_dep=None, packages_skip_up_to=None, packages_select_build_failed=False, packages_skip_build_finished=False, packages_select_test_failures=False, packages_skip_test_passed=False, packages_select=None, packages_skip=None, packages_select_regex=None, packages_skip_regex=None, packages_start=None, packages_end=None, allow_overriding=[], cmake_args=None, cmake_target=None, cmake_target_skip_unavailable=False, cmake_clean_cache=False, cmake_clean_first=False, cmake_force_configure=False, ament_cmake_args=None, catkin_cmake_args=None, catkin_skip_building_tests=False, mixin_files=None, mixin=None, verb_parser=<colcon_mixin.mixin.mixin_argument.MixinArgumentDecorator object at 0x779a967d0430>, verb_extension=<colcon_core.verb.build.BuildVerb object at 0x779a9679bdf0>, main=<bound method BuildVerb.main of <colcon_core.verb.build.BuildVerb object at 0x779a9679bdf0>>, mixin_verb=('build',))
[0.478s] Level 1:colcon.colcon_core.package_discovery:discover_packages(colcon_meta) check parameters
[0.478s] Level 1:colcon.colcon_core.package_discovery:discover_packages(recursive) check parameters
[0.478s] Level 1:colcon.colcon_core.package_discovery:discover_packages(ignore) check parameters
[0.478s] Level 1:colcon.colcon_core.package_discovery:discover_packages(path) check parameters
[0.478s] Level 1:colcon.colcon_core.package_discovery:discover_packages(colcon_meta) discover
[0.478s] Level 1:colcon.colcon_core.package_discovery:discover_packages(recursive) discover
[0.479s] INFO:colcon.colcon_core.package_discovery:Crawling recursively for packages in '/home/kol/Documents/ros2/Control/panda'
[0.479s] Level 1:colcon.colcon_core.package_identification:_identify(.) by extensions ['ignore', 'ignore_ament_install']
[0.479s] Level 1:colcon.colcon_core.package_identification:_identify(.) by extension 'ignore'
[0.479s] Level 1:colcon.colcon_core.package_identification:_identify(.) by extension 'ignore_ament_install'
[0.479s] Level 1:colcon.colcon_core.package_identification:_identify(.) by extensions ['colcon_pkg']
[0.479s] Level 1:colcon.colcon_core.package_identification:_identify(.) by extension 'colcon_pkg'
[0.479s] Level 1:colcon.colcon_core.package_identification:_identify(.) by extensions ['colcon_meta']
[0.479s] Level 1:colcon.colcon_core.package_identification:_identify(.) by extension 'colcon_meta'
[0.479s] Level 1:colcon.colcon_core.package_identification:_identify(.) by extensions ['ros']
[0.479s] Level 1:colcon.colcon_core.package_identification:_identify(.) by extension 'ros'
[0.493s] Level 1:colcon.colcon_core.package_identification:_identify(.) by extensions ['cmake', 'python']
[0.493s] Level 1:colcon.colcon_core.package_identification:_identify(.) by extension 'cmake'
[0.493s] Level 1:colcon.colcon_core.package_identification:_identify(.) by extension 'python'
[0.493s] Level 1:colcon.colcon_core.package_identification:_identify(.) by extensions ['python_setup_py']
[0.493s] Level 1:colcon.colcon_core.package_identification:_identify(.) by extension 'python_setup_py'
[0.493s] Level 1:colcon.colcon_core.package_identification:_identify(build) by extensions ['ignore', 'ignore_ament_install']
[0.493s] Level 1:colcon.colcon_core.package_identification:_identify(build) by extension 'ignore'
[0.493s] Level 1:colcon.colcon_core.package_identification:_identify(build) ignored
[0.493s] Level 1:colcon.colcon_core.package_identification:_identify(install) by extensions ['ignore', 'ignore_ament_install']
[0.493s] Level 1:colcon.colcon_core.package_identification:_identify(install) by extension 'ignore'
[0.493s] Level 1:colcon.colcon_core.package_identification:_identify(install) ignored
[0.494s] Level 1:colcon.colcon_core.package_identification:_identify(log) by extensions ['ignore', 'ignore_ament_install']
[0.494s] Level 1:colcon.colcon_core.package_identification:_identify(log) by extension 'ignore'
[0.494s] Level 1:colcon.colcon_core.package_identification:_identify(log) ignored
[0.494s] Level 1:colcon.colcon_core.package_identification:_identify(src) by extensions ['ignore', 'ignore_ament_install']
[0.494s] Level 1:colcon.colcon_core.package_identification:_identify(src) by extension 'ignore'
[0.494s] Level 1:colcon.colcon_core.package_identification:_identify(src) by extension 'ignore_ament_install'
[0.494s] Level 1:colcon.colcon_core.package_identification:_identify(src) by extensions ['colcon_pkg']
[0.494s] Level 1:colcon.colcon_core.package_identification:_identify(src) by extension 'colcon_pkg'
[0.494s] Level 1:colcon.colcon_core.package_identification:_identify(src) by extensions ['colcon_meta']
[0.494s] Level 1:colcon.colcon_core.package_identification:_identify(src) by extension 'colcon_meta'
[0.494s] Level 1:colcon.colcon_core.package_identification:_identify(src) by extensions ['ros']
[0.494s] Level 1:colcon.colcon_core.package_identification:_identify(src) by extension 'ros'
[0.494s] Level 1:colcon.colcon_core.package_identification:_identify(src) by extensions ['cmake', 'python']
[0.494s] Level 1:colcon.colcon_core.package_identification:_identify(src) by extension 'cmake'
[0.494s] Level 1:colcon.colcon_core.package_identification:_identify(src) by extension 'python'
[0.495s] Level 1:colcon.colcon_core.package_identification:_identify(src) by extensions ['python_setup_py']
[0.495s] Level 1:colcon.colcon_core.package_identification:_identify(src) by extension 'python_setup_py'
[0.495s] Level 1:colcon.colcon_core.package_identification:_identify(src/panda_description) by extensions ['ignore', 'ignore_ament_install']
[0.495s] Level 1:colcon.colcon_core.package_identification:_identify(src/panda_description) by extension 'ignore'
[0.495s] Level 1:colcon.colcon_core.package_identification:_identify(src/panda_description) by extension 'ignore_ament_install'
[0.495s] Level 1:colcon.colcon_core.package_identification:_identify(src/panda_description) by extensions ['colcon_pkg']
[0.495s] Level 1:colcon.colcon_core.package_identification:_identify(src/panda_description) by extension 'colcon_pkg'
[0.495s] Level 1:colcon.colcon_core.package_identification:_identify(src/panda_description) by extensions ['colcon_meta']
[0.495s] Level 1:colcon.colcon_core.package_identification:_identify(src/panda_description) by extension 'colcon_meta'
[0.495s] Level 1:colcon.colcon_core.package_identification:_identify(src/panda_description) by extensions ['ros']
[0.495s] Level 1:colcon.colcon_core.package_identification:_identify(src/panda_description) by extension 'ros'
[0.498s] DEBUG:colcon.colcon_core.package_identification:Package 'src/panda_description' with type 'ros.ament_cmake' and name 'panda_description'
[0.498s] Level 1:colcon.colcon_core.package_identification:_identify(src/panda_moveit_config) by extensions ['ignore', 'ignore_ament_install']
[0.498s] Level 1:colcon.colcon_core.package_identification:_identify(src/panda_moveit_config) by extension 'ignore'
[0.498s] Level 1:colcon.colcon_core.package_identification:_identify(src/panda_moveit_config) by extension 'ignore_ament_install'
[0.498s] Level 1:colcon.colcon_core.package_identification:_identify(src/panda_moveit_config) by extensions ['colcon_pkg']
[0.498s] Level 1:colcon.colcon_core.package_identification:_identify(src/panda_moveit_config) by extension 'colcon_pkg'
[0.499s] Level 1:colcon.colcon_core.package_identification:_identify(src/panda_moveit_config) by extensions ['colcon_meta']
[0.499s] Level 1:colcon.colcon_core.package_identification:_identify(src/panda_moveit_config) by extension 'colcon_meta'
[0.499s] Level 1:colcon.colcon_core.package_identification:_identify(src/panda_moveit_config) by extensions ['ros']
[0.499s] Level 1:colcon.colcon_core.package_identification:_identify(src/panda_moveit_config) by extension 'ros'
[0.500s] DEBUG:colcon.colcon_core.package_identification:Package 'src/panda_moveit_config' with type 'ros.ament_cmake' and name 'panda_moveit_config'
[0.500s] Level 1:colcon.colcon_core.package_discovery:discover_packages(recursive) using defaults
[0.500s] Level 1:colcon.colcon_core.package_discovery:discover_packages(ignore) discover
[0.500s] Level 1:colcon.colcon_core.package_discovery:discover_packages(ignore) using defaults
[0.500s] Level 1:colcon.colcon_core.package_discovery:discover_packages(path) discover
[0.500s] Level 1:colcon.colcon_core.package_discovery:discover_packages(path) using defaults
[0.524s] Level 1:colcon.colcon_core.package_discovery:discover_packages(prefix_path) check parameters
[0.524s] Level 1:colcon.colcon_core.package_discovery:discover_packages(prefix_path) discover
[0.526s] DEBUG:colcon.colcon_installed_package_information.package_discovery:Found 2 installed packages in /home/kol/Documents/ros2/Control/panda/install
[0.528s] DEBUG:colcon.colcon_installed_package_information.package_discovery:Found 384 installed packages in /opt/ros/humble
[0.530s] Level 1:colcon.colcon_core.package_discovery:discover_packages(prefix_path) using defaults
[0.593s] Level 5:colcon.colcon_core.verb:set package 'panda_description' build argument 'cmake_args' from command line to 'None'
[0.593s] Level 5:colcon.colcon_core.verb:set package 'panda_description' build argument 'cmake_target' from command line to 'None'
[0.593s] Level 5:colcon.colcon_core.verb:set package 'panda_description' build argument 'cmake_target_skip_unavailable' from command line to 'False'
[0.593s] Level 5:colcon.colcon_core.verb:set package 'panda_description' build argument 'cmake_clean_cache' from command line to 'False'
[0.593s] Level 5:colcon.colcon_core.verb:set package 'panda_description' build argument 'cmake_clean_first' from command line to 'False'
[0.593s] Level 5:colcon.colcon_core.verb:set package 'panda_description' build argument 'cmake_force_configure' from command line to 'False'
[0.593s] Level 5:colcon.colcon_core.verb:set package 'panda_description' build argument 'ament_cmake_args' from command line to 'None'
[0.593s] Level 5:colcon.colcon_core.verb:set package 'panda_description' build argument 'catkin_cmake_args' from command line to 'None'
[0.593s] Level 5:colcon.colcon_core.verb:set package 'panda_description' build argument 'catkin_skip_building_tests' from command line to 'False'
[0.593s] DEBUG:colcon.colcon_core.verb:Building package 'panda_description' with the following arguments: {'ament_cmake_args': None, 'build_base': '/home/kol/Documents/ros2/Control/panda/build/panda_description', 'catkin_cmake_args': None, 'catkin_skip_building_tests': False, 'cmake_args': None, 'cmake_clean_cache': False, 'cmake_clean_first': False, 'cmake_force_configure': False, 'cmake_target': None, 'cmake_target_skip_unavailable': False, 'install_base': '/home/kol/Documents/ros2/Control/panda/install/panda_description', 'merge_install': False, 'path': '/home/kol/Documents/ros2/Control/panda/src/panda_description', 'symlink_install': False, 'test_result_base': None}
[0.594s] Level 5:colcon.colcon_core.verb:set package 'panda_moveit_config' build argument 'cmake_args' from command line to 'None'
[0.594s] Level 5:colcon.colcon_core.verb:set package 'panda_moveit_config' build argument 'cmake_target' from command line to 'None'
[0.594s] Level 5:colcon.colcon_core.verb:set package 'panda_moveit_config' build argument 'cmake_target_skip_unavailable' from command line to 'False'
[0.594s] Level 5:colcon.colcon_core.verb:set package 'panda_moveit_config' build argument 'cmake_clean_cache' from command line to 'False'
[0.594s] Level 5:colcon.colcon_core.verb:set package 'panda_moveit_config' build argument 'cmake_clean_first' from command line to 'False'
[0.594s] Level 5:colcon.colcon_core.verb:set package 'panda_moveit_config' build argument 'cmake_force_configure' from command line to 'False'
[0.594s] Level 5:colcon.colcon_core.verb:set package 'panda_moveit_config' build argument 'ament_cmake_args' from command line to 'None'
[0.594s] Level 5:colcon.colcon_core.verb:set package 'panda_moveit_config' build argument 'catkin_cmake_args' from command line to 'None'
[0.594s] Level 5:colcon.colcon_core.verb:set package 'panda_moveit_config' build argument 'catkin_skip_building_tests' from command line to 'False'
[0.594s] DEBUG:colcon.colcon_core.verb:Building package 'panda_moveit_config' with the following arguments: {'ament_cmake_args': None, 'build_base': '/home/kol/Documents/ros2/Control/panda/build/panda_moveit_config', 'catkin_cmake_args': None, 'catkin_skip_building_tests': False, 'cmake_args': None, 'cmake_clean_cache': False, 'cmake_clean_first': False, 'cmake_force_configure': False, 'cmake_target': None, 'cmake_target_skip_unavailable': False, 'install_base': '/home/kol/Documents/ros2/Control/panda/install/panda_moveit_config', 'merge_install': False, 'path': '/home/kol/Documents/ros2/Control/panda/src/panda_moveit_config', 'symlink_install': False, 'test_result_base': None}
[0.594s] INFO:colcon.colcon_core.executor:Executing jobs using 'parallel' executor
[0.595s] DEBUG:colcon.colcon_parallel_executor.executor.parallel:run_until_complete
[0.596s] INFO:colcon.colcon_ros.task.ament_cmake.build:Building ROS package in '/home/kol/Documents/ros2/Control/panda/src/panda_description' with build type 'ament_cmake'
[0.596s] INFO:colcon.colcon_cmake.task.cmake.build:Building CMake package in '/home/kol/Documents/ros2/Control/panda/src/panda_description'
[0.599s] INFO:colcon.colcon_core.plugin_system:Skipping extension 'colcon_core.shell.bat': Not used on non-Windows systems
[0.599s] INFO:colcon.colcon_core.shell:Skip shell extension 'powershell' for command environment: Not usable outside of PowerShell
[0.599s] DEBUG:colcon.colcon_core.shell:Skip shell extension 'dsv' for command environment
[0.612s] DEBUG:colcon.colcon_core.event_handler.log_command:Invoking command in '/home/kol/Documents/ros2/Control/panda/build/panda_description': CMAKE_PREFIX_PATH=${CMAKE_PREFIX_PATH}:/opt/ros/humble /usr/bin/cmake --build /home/kol/Documents/ros2/Control/panda/build/panda_description -- -j4 -l4
[0.660s] DEBUG:colcon.colcon_core.event_handler.log_command:Invoked command in '/home/kol/Documents/ros2/Control/panda/build/panda_description' returned '0': CMAKE_PREFIX_PATH=${CMAKE_PREFIX_PATH}:/opt/ros/humble /usr/bin/cmake --build /home/kol/Documents/ros2/Control/panda/build/panda_description -- -j4 -l4
[0.672s] DEBUG:colcon.colcon_core.event_handler.log_command:Invoking command in '/home/kol/Documents/ros2/Control/panda/build/panda_description': CMAKE_PREFIX_PATH=${CMAKE_PREFIX_PATH}:/opt/ros/humble /usr/bin/cmake --install /home/kol/Documents/ros2/Control/panda/build/panda_description
[0.686s] Level 1:colcon.colcon_core.environment:create_environment_scripts_only(panda_description)
[0.691s] DEBUG:colcon.colcon_core.event_handler.log_command:Invoked command in '/home/kol/Documents/ros2/Control/panda/build/panda_description' returned '0': CMAKE_PREFIX_PATH=${CMAKE_PREFIX_PATH}:/opt/ros/humble /usr/bin/cmake --install /home/kol/Documents/ros2/Control/panda/build/panda_description
[0.694s] Level 1:colcon.colcon_core.environment:checking '/home/kol/Documents/ros2/Control/panda/install/panda_description' for CMake module files
[0.695s] Level 1:colcon.colcon_core.environment:checking '/home/kol/Documents/ros2/Control/panda/install/panda_description' for CMake config files
[0.695s] Level 1:colcon.colcon_core.shell:create_environment_hook('panda_description', 'cmake_prefix_path')
[0.695s] INFO:colcon.colcon_core.shell:Creating environment hook '/home/kol/Documents/ros2/Control/panda/install/panda_description/share/panda_description/hook/cmake_prefix_path.ps1'
[0.696s] INFO:colcon.colcon_core.shell:Creating environment descriptor '/home/kol/Documents/ros2/Control/panda/install/panda_description/share/panda_description/hook/cmake_prefix_path.dsv'
[0.697s] INFO:colcon.colcon_core.shell:Creating environment hook '/home/kol/Documents/ros2/Control/panda/install/panda_description/share/panda_description/hook/cmake_prefix_path.sh'
[0.698s] Level 1:colcon.colcon_core.environment:checking '/home/kol/Documents/ros2/Control/panda/install/panda_description/bin'
[0.698s] Level 1:colcon.colcon_core.environment:checking '/home/kol/Documents/ros2/Control/panda/install/panda_description/lib/pkgconfig/panda_description.pc'
[0.698s] Level 1:colcon.colcon_core.environment:checking '/home/kol/Documents/ros2/Control/panda/install/panda_description/lib/python3.10/site-packages'
[0.698s] Level 1:colcon.colcon_core.environment:checking '/home/kol/Documents/ros2/Control/panda/install/panda_description/bin'
[0.699s] INFO:colcon.colcon_core.shell:Creating package script '/home/kol/Documents/ros2/Control/panda/install/panda_description/share/panda_description/package.ps1'
[0.700s] INFO:colcon.colcon_core.shell:Creating package descriptor '/home/kol/Documents/ros2/Control/panda/install/panda_description/share/panda_description/package.dsv'
[0.700s] INFO:colcon.colcon_core.shell:Creating package script '/home/kol/Documents/ros2/Control/panda/install/panda_description/share/panda_description/package.sh'
[0.701s] INFO:colcon.colcon_core.shell:Creating package script '/home/kol/Documents/ros2/Control/panda/install/panda_description/share/panda_description/package.bash'
[0.702s] INFO:colcon.colcon_core.shell:Creating package script '/home/kol/Documents/ros2/Control/panda/install/panda_description/share/panda_description/package.zsh'
[0.703s] Level 1:colcon.colcon_core.environment:create_file_with_runtime_dependencies(/home/kol/Documents/ros2/Control/panda/install/panda_description/share/colcon-core/packages/panda_description)
[0.703s] Level 1:colcon.colcon_core.environment:create_environment_scripts_only(panda_description)
[0.704s] Level 1:colcon.colcon_core.environment:checking '/home/kol/Documents/ros2/Control/panda/install/panda_description' for CMake module files
[0.704s] Level 1:colcon.colcon_core.environment:checking '/home/kol/Documents/ros2/Control/panda/install/panda_description' for CMake config files
[0.704s] Level 1:colcon.colcon_core.shell:create_environment_hook('panda_description', 'cmake_prefix_path')
[0.705s] INFO:colcon.colcon_core.shell:Creating environment hook '/home/kol/Documents/ros2/Control/panda/install/panda_description/share/panda_description/hook/cmake_prefix_path.ps1'
[0.705s] INFO:colcon.colcon_core.shell:Creating environment descriptor '/home/kol/Documents/ros2/Control/panda/install/panda_description/share/panda_description/hook/cmake_prefix_path.dsv'
[0.706s] INFO:colcon.colcon_core.shell:Creating environment hook '/home/kol/Documents/ros2/Control/panda/install/panda_description/share/panda_description/hook/cmake_prefix_path.sh'
[0.706s] Level 1:colcon.colcon_core.environment:checking '/home/kol/Documents/ros2/Control/panda/install/panda_description/bin'
[0.706s] Level 1:colcon.colcon_core.environment:checking '/home/kol/Documents/ros2/Control/panda/install/panda_description/lib/pkgconfig/panda_description.pc'
[0.707s] Level 1:colcon.colcon_core.environment:checking '/home/kol/Documents/ros2/Control/panda/install/panda_description/lib/python3.10/site-packages'
[0.707s] Level 1:colcon.colcon_core.environment:checking '/home/kol/Documents/ros2/Control/panda/install/panda_description/bin'
[0.707s] INFO:colcon.colcon_core.shell:Creating package script '/home/kol/Documents/ros2/Control/panda/install/panda_description/share/panda_description/package.ps1'
[0.708s] INFO:colcon.colcon_core.shell:Creating package descriptor '/home/kol/Documents/ros2/Control/panda/install/panda_description/share/panda_description/package.dsv'
[0.709s] INFO:colcon.colcon_core.shell:Creating package script '/home/kol/Documents/ros2/Control/panda/install/panda_description/share/panda_description/package.sh'
[0.709s] INFO:colcon.colcon_core.shell:Creating package script '/home/kol/Documents/ros2/Control/panda/install/panda_description/share/panda_description/package.bash'
[0.710s] INFO:colcon.colcon_core.shell:Creating package script '/home/kol/Documents/ros2/Control/panda/install/panda_description/share/panda_description/package.zsh'
[0.711s] Level 1:colcon.colcon_core.environment:create_file_with_runtime_dependencies(/home/kol/Documents/ros2/Control/panda/install/panda_description/share/colcon-core/packages/panda_description)
[0.711s] INFO:colcon.colcon_ros.task.ament_cmake.build:Building ROS package in '/home/kol/Documents/ros2/Control/panda/src/panda_moveit_config' with build type 'ament_cmake'
[0.711s] INFO:colcon.colcon_cmake.task.cmake.build:Building CMake package in '/home/kol/Documents/ros2/Control/panda/src/panda_moveit_config'
[0.711s] INFO:colcon.colcon_core.shell:Skip shell extension 'powershell' for command environment: Not usable outside of PowerShell
[0.712s] DEBUG:colcon.colcon_core.shell:Skip shell extension 'dsv' for command environment
[0.725s] DEBUG:colcon.colcon_core.event_handler.log_command:Invoking command in '/home/kol/Documents/ros2/Control/panda/build/panda_moveit_config': CMAKE_PREFIX_PATH=/home/kol/Documents/ros2/Control/panda/install/panda_description:/home/kol/Documents/ros2/Control/panda/install/panda_moveit_config:/opt/ros/humble /usr/bin/cmake --build /home/kol/Documents/ros2/Control/panda/build/panda_moveit_config -- -j4 -l4
[0.772s] DEBUG:colcon.colcon_core.event_handler.log_command:Invoked command in '/home/kol/Documents/ros2/Control/panda/build/panda_moveit_config' returned '0': CMAKE_PREFIX_PATH=/home/kol/Documents/ros2/Control/panda/install/panda_description:/home/kol/Documents/ros2/Control/panda/install/panda_moveit_config:/opt/ros/humble /usr/bin/cmake --build /home/kol/Documents/ros2/Control/panda/build/panda_moveit_config -- -j4 -l4
[0.774s] DEBUG:colcon.colcon_core.event_handler.log_command:Invoking command in '/home/kol/Documents/ros2/Control/panda/build/panda_moveit_config': CMAKE_PREFIX_PATH=/home/kol/Documents/ros2/Control/panda/install/panda_description:/home/kol/Documents/ros2/Control/panda/install/panda_moveit_config:/opt/ros/humble /usr/bin/cmake --install /home/kol/Documents/ros2/Control/panda/build/panda_moveit_config
[0.789s] Level 1:colcon.colcon_core.environment:create_environment_scripts_only(panda_moveit_config)
[0.789s] Level 1:colcon.colcon_core.environment:checking '/home/kol/Documents/ros2/Control/panda/install/panda_moveit_config' for CMake module files
[0.790s] DEBUG:colcon.colcon_core.event_handler.log_command:Invoked command in '/home/kol/Documents/ros2/Control/panda/build/panda_moveit_config' returned '0': CMAKE_PREFIX_PATH=/home/kol/Documents/ros2/Control/panda/install/panda_description:/home/kol/Documents/ros2/Control/panda/install/panda_moveit_config:/opt/ros/humble /usr/bin/cmake --install /home/kol/Documents/ros2/Control/panda/build/panda_moveit_config
[0.791s] Level 1:colcon.colcon_core.environment:checking '/home/kol/Documents/ros2/Control/panda/install/panda_moveit_config' for CMake config files
[0.791s] Level 1:colcon.colcon_core.shell:create_environment_hook('panda_moveit_config', 'cmake_prefix_path')
[0.792s] INFO:colcon.colcon_core.shell:Creating environment hook '/home/kol/Documents/ros2/Control/panda/install/panda_moveit_config/share/panda_moveit_config/hook/cmake_prefix_path.ps1'
[0.793s] INFO:colcon.colcon_core.shell:Creating environment descriptor '/home/kol/Documents/ros2/Control/panda/install/panda_moveit_config/share/panda_moveit_config/hook/cmake_prefix_path.dsv'
[0.793s] INFO:colcon.colcon_core.shell:Creating environment hook '/home/kol/Documents/ros2/Control/panda/install/panda_moveit_config/share/panda_moveit_config/hook/cmake_prefix_path.sh'
[0.794s] Level 1:colcon.colcon_core.environment:checking '/home/kol/Documents/ros2/Control/panda/install/panda_moveit_config/bin'
[0.794s] Level 1:colcon.colcon_core.environment:checking '/home/kol/Documents/ros2/Control/panda/install/panda_moveit_config/lib/pkgconfig/panda_moveit_config.pc'
[0.794s] Level 1:colcon.colcon_core.environment:checking '/home/kol/Documents/ros2/Control/panda/install/panda_moveit_config/lib/python3.10/site-packages'
[0.794s] Level 1:colcon.colcon_core.environment:checking '/home/kol/Documents/ros2/Control/panda/install/panda_moveit_config/bin'
[0.795s] INFO:colcon.colcon_core.shell:Creating package script '/home/kol/Documents/ros2/Control/panda/install/panda_moveit_config/share/panda_moveit_config/package.ps1'
[0.796s] INFO:colcon.colcon_core.shell:Creating package descriptor '/home/kol/Documents/ros2/Control/panda/install/panda_moveit_config/share/panda_moveit_config/package.dsv'
[0.796s] INFO:colcon.colcon_core.shell:Creating package script '/home/kol/Documents/ros2/Control/panda/install/panda_moveit_config/share/panda_moveit_config/package.sh'
[0.797s] INFO:colcon.colcon_core.shell:Creating package script '/home/kol/Documents/ros2/Control/panda/install/panda_moveit_config/share/panda_moveit_config/package.bash'
[0.797s] INFO:colcon.colcon_core.shell:Creating package script '/home/kol/Documents/ros2/Control/panda/install/panda_moveit_config/share/panda_moveit_config/package.zsh'
[0.798s] Level 1:colcon.colcon_core.environment:create_file_with_runtime_dependencies(/home/kol/Documents/ros2/Control/panda/install/panda_moveit_config/share/colcon-core/packages/panda_moveit_config)
[0.798s] Level 1:colcon.colcon_core.environment:create_environment_scripts_only(panda_moveit_config)
[0.799s] Level 1:colcon.colcon_core.environment:checking '/home/kol/Documents/ros2/Control/panda/install/panda_moveit_config' for CMake module files
[0.799s] Level 1:colcon.colcon_core.environment:checking '/home/kol/Documents/ros2/Control/panda/install/panda_moveit_config' for CMake config files
[0.799s] Level 1:colcon.colcon_core.shell:create_environment_hook('panda_moveit_config', 'cmake_prefix_path')
[0.800s] INFO:colcon.colcon_core.shell:Creating environment hook '/home/kol/Documents/ros2/Control/panda/install/panda_moveit_config/share/panda_moveit_config/hook/cmake_prefix_path.ps1'
[0.800s] INFO:colcon.colcon_core.shell:Creating environment descriptor '/home/kol/Documents/ros2/Control/panda/install/panda_moveit_config/share/panda_moveit_config/hook/cmake_prefix_path.dsv'
[0.801s] INFO:colcon.colcon_core.shell:Creating environment hook '/home/kol/Documents/ros2/Control/panda/install/panda_moveit_config/share/panda_moveit_config/hook/cmake_prefix_path.sh'
[0.801s] Level 1:colcon.colcon_core.environment:checking '/home/kol/Documents/ros2/Control/panda/install/panda_moveit_config/bin'
[0.801s] Level 1:colcon.colcon_core.environment:checking '/home/kol/Documents/ros2/Control/panda/install/panda_moveit_config/lib/pkgconfig/panda_moveit_config.pc'
[0.802s] Level 1:colcon.colcon_core.environment:checking '/home/kol/Documents/ros2/Control/panda/install/panda_moveit_config/lib/python3.10/site-packages'
[0.802s] Level 1:colcon.colcon_core.environment:checking '/home/kol/Documents/ros2/Control/panda/install/panda_moveit_config/bin'
[0.802s] INFO:colcon.colcon_core.shell:Creating package script '/home/kol/Documents/ros2/Control/panda/install/panda_moveit_config/share/panda_moveit_config/package.ps1'
[0.803s] INFO:colcon.colcon_core.shell:Creating package descriptor '/home/kol/Documents/ros2/Control/panda/install/panda_moveit_config/share/panda_moveit_config/package.dsv'
[0.803s] INFO:colcon.colcon_core.shell:Creating package script '/home/kol/Documents/ros2/Control/panda/install/panda_moveit_config/share/panda_moveit_config/package.sh'
[0.804s] INFO:colcon.colcon_core.shell:Creating package script '/home/kol/Documents/ros2/Control/panda/install/panda_moveit_config/share/panda_moveit_config/package.bash'
[0.804s] INFO:colcon.colcon_core.shell:Creating package script '/home/kol/Documents/ros2/Control/panda/install/panda_moveit_config/share/panda_moveit_config/package.zsh'
[0.805s] Level 1:colcon.colcon_core.environment:create_file_with_runtime_dependencies(/home/kol/Documents/ros2/Control/panda/install/panda_moveit_config/share/colcon-core/packages/panda_moveit_config)
[0.805s] DEBUG:colcon.colcon_parallel_executor.executor.parallel:closing loop
[0.806s] DEBUG:colcon.colcon_parallel_executor.executor.parallel:loop closed
[0.806s] DEBUG:colcon.colcon_parallel_executor.executor.parallel:run_until_complete finished with '0'
[0.806s] DEBUG:colcon.colcon_core.event_reactor:joining thread
[0.812s] INFO:colcon.colcon_core.plugin_system:Skipping extension 'colcon_notification.desktop_notification.terminal_notifier': Not used on non-Darwin systems
[0.813s] INFO:colcon.colcon_core.plugin_system:Skipping extension 'colcon_notification.desktop_notification.win32': Not used on non-Windows systems
[0.813s] INFO:colcon.colcon_notification.desktop_notification:Sending desktop notification using 'notify2'
[0.827s] DEBUG:colcon.colcon_core.event_reactor:joined thread
[0.827s] INFO:colcon.colcon_core.shell:Creating prefix script '/home/kol/Documents/ros2/Control/panda/install/local_setup.ps1'
[0.829s] INFO:colcon.colcon_core.shell:Creating prefix util module '/home/kol/Documents/ros2/Control/panda/install/_local_setup_util_ps1.py'
[0.832s] INFO:colcon.colcon_core.shell:Creating prefix chain script '/home/kol/Documents/ros2/Control/panda/install/setup.ps1'
[0.834s] INFO:colcon.colcon_core.shell:Creating prefix script '/home/kol/Documents/ros2/Control/panda/install/local_setup.sh'
[0.835s] INFO:colcon.colcon_core.shell:Creating prefix util module '/home/kol/Documents/ros2/Control/panda/install/_local_setup_util_sh.py'
[0.836s] INFO:colcon.colcon_core.shell:Creating prefix chain script '/home/kol/Documents/ros2/Control/panda/install/setup.sh'
[0.837s] INFO:colcon.colcon_core.shell:Creating prefix script '/home/kol/Documents/ros2/Control/panda/install/local_setup.bash'
[0.838s] INFO:colcon.colcon_core.shell:Creating prefix chain script '/home/kol/Documents/ros2/Control/panda/install/setup.bash'
[0.839s] INFO:colcon.colcon_core.shell:Creating prefix script '/home/kol/Documents/ros2/Control/panda/install/local_setup.zsh'
[0.840s] INFO:colcon.colcon_core.shell:Creating prefix chain script '/home/kol/Documents/ros2/Control/panda/install/setup.zsh'
